Build started 01-04-2019 08:36:13 PM.
     1>Project "D:\Work\Data-Structures-Learning-Software\DataStructuresLearningSoftware\DataStructuresLearningSoftware\DataStructuresLearningSoftware.vcxproj" on node 2 (build target(s)).
     1>InitializeBuildStatus:
         Creating "Release\DataStructuresLearningSoftware.unsuccessfulbuild" because "AlwaysCreate" was specified.
       GenerateTargetFrameworkMonikerAttribute:
       Skipping target "GenerateTargetFrameworkMonikerAttribute" because all output files are up-to-date with respect to the input files.
       ClCompile:
         All outputs are up-to-date.
         All outputs are up-to-date.
         All outputs are up-to-date.
       CoreResGen:
         No resources are out of date with respect to their source files. Skipping resource generation.
       ResourceCompile:
         All outputs are up-to-date.
       Link:
         All outputs are up-to-date.
         DataStructuresLearningSoftware.vcxproj -> D:\Work\Data-Structures-Learning-Software\DataStructuresLearningSoftware\Release\DataStructuresLearningSoftware.exe
       FinalizeBuildStatus:
         Deleting file "Release\DataStructuresLearningSoftware.unsuccessfulbuild".
         Touching "Release\DataStructuresLearningSoftware.lastbuildstate".
     1>Done Building Project "D:\Work\Data-Structures-Learning-Software\DataStructuresLearningSoftware\DataStructuresLearningSoftware\DataStructuresLearningSoftware.vcxproj" (build target(s)).

Build succeeded.

Time Elapsed 00:00:00.12
