C:\USERS\SIDDHARTH\DESKTOP\PROJLATEST\DATA-STRUCTURES-LEARNING-SOFTWARE\DATASTRUCTURESLEARNINGSOFTWARE\DATASTRUCTURESLEARNINGSOFTWARE\RELEASE\ADMINFORM.OBJ
C:\USERS\SIDDHARTH\DESKTOP\PROJLATEST\DATA-STRUCTURES-LEARNING-SOFTWARE\DATASTRUCTURESLEARNINGSOFTWARE\DATASTRUCTURESLEARNINGSOFTWARE\RELEASE\ARRAY_INSERTION.OBJ
C:\USERS\SIDDHARTH\DESKTOP\PROJLATEST\DATA-STRUCTURES-LEARNING-SOFTWARE\DATASTRUCTURESLEARNINGSOFTWARE\DATASTRUCTURESLEARNINGSOFTWARE\RELEASE\ARRAY_INTRODUCTION.OBJ
C:\USERS\SIDDHARTH\DESKTOP\PROJLATEST\DATA-STRUCTURES-LEARNING-SOFTWARE\DATASTRUCTURESLEARNINGSOFTWARE\DATASTRUCTURESLEARNINGSOFTWARE\RELEASE\ARRAY_SEARCH.OBJ
C:\USERS\SIDDHARTH\DESKTOP\PROJLATEST\DATA-STRUCTURES-LEARNING-SOFTWARE\DATASTRUCTURESLEARNINGSOFTWARE\DATASTRUCTURESLEARNINGSOFTWARE\RELEASE\ARRAY_TRAVERSAL.OBJ
C:\USERS\SIDDHARTH\DESKTOP\PROJLATEST\DATA-STRUCTURES-LEARNING-SOFTWARE\DATASTRUCTURESLEARNINGSOFTWARE\DATASTRUCTURESLEARNINGSOFTWARE\RELEASE\ARRAYS.OBJ
C:\USERS\SIDDHARTH\DESKTOP\PROJLATEST\DATA-STRUCTURES-LEARNING-SOFTWARE\DATASTRUCTURESLEARNINGSOFTWARE\DATASTRUCTURESLEARNINGSOFTWARE\RELEASE\ASSEMBLYINFO.OBJ
C:\USERS\SIDDHARTH\DESKTOP\PROJLATEST\DATA-STRUCTURES-LEARNING-SOFTWARE\DATASTRUCTURESLEARNINGSOFTWARE\DATASTRUCTURESLEARNINGSOFTWARE\RELEASE\BINARYSEARCH.OBJ
C:\USERS\SIDDHARTH\DESKTOP\PROJLATEST\DATA-STRUCTURES-LEARNING-SOFTWARE\DATASTRUCTURESLEARNINGSOFTWARE\DATASTRUCTURESLEARNINGSOFTWARE\RELEASE\BST.OBJ
C:\USERS\SIDDHARTH\DESKTOP\PROJLATEST\DATA-STRUCTURES-LEARNING-SOFTWARE\DATASTRUCTURESLEARNINGSOFTWARE\DATASTRUCTURESLEARNINGSOFTWARE\RELEASE\BST_DELETION.OBJ
C:\USERS\SIDDHARTH\DESKTOP\PROJLATEST\DATA-STRUCTURES-LEARNING-SOFTWARE\DATASTRUCTURESLEARNINGSOFTWARE\DATASTRUCTURESLEARNINGSOFTWARE\RELEASE\BST_INSERTION.OBJ
C:\USERS\SIDDHARTH\DESKTOP\PROJLATEST\DATA-STRUCTURES-LEARNING-SOFTWARE\DATASTRUCTURESLEARNINGSOFTWARE\DATASTRUCTURESLEARNINGSOFTWARE\RELEASE\BST_INTRO.OBJ
C:\USERS\SIDDHARTH\DESKTOP\PROJLATEST\DATA-STRUCTURES-LEARNING-SOFTWARE\DATASTRUCTURESLEARNINGSOFTWARE\DATASTRUCTURESLEARNINGSOFTWARE\RELEASE\BST_INTRODUCTION.OBJ
C:\USERS\SIDDHARTH\DESKTOP\PROJLATEST\DATA-STRUCTURES-LEARNING-SOFTWARE\DATASTRUCTURESLEARNINGSOFTWARE\DATASTRUCTURESLEARNINGSOFTWARE\RELEASE\BST_SEARCH.OBJ
C:\USERS\SIDDHARTH\DESKTOP\PROJLATEST\DATA-STRUCTURES-LEARNING-SOFTWARE\DATASTRUCTURESLEARNINGSOFTWARE\DATASTRUCTURESLEARNINGSOFTWARE\RELEASE\BUBBLESORT.OBJ
C:\Users\Siddharth\Desktop\projlatest\Data-Structures-Learning-Software\DataStructuresLearningSoftware\DataStructuresLearningSoftware\Release\cl.command.1.tlog
C:\Users\Siddharth\Desktop\projlatest\Data-Structures-Learning-Software\DataStructuresLearningSoftware\DataStructuresLearningSoftware\Release\CL.read.1.tlog
C:\Users\Siddharth\Desktop\projlatest\Data-Structures-Learning-Software\DataStructuresLearningSoftware\DataStructuresLearningSoftware\Release\CL.write.1.tlog
C:\USERS\SIDDHARTH\DESKTOP\PROJLATEST\DATA-STRUCTURES-LEARNING-SOFTWARE\DATASTRUCTURESLEARNINGSOFTWARE\DATASTRUCTURESLEARNINGSOFTWARE\RELEASE\DATASTRUCTURESLEARNINGSOFTWARE.PCH
C:\Users\Siddharth\Desktop\projlatest\Data-Structures-Learning-Software\DataStructuresLearningSoftware\DataStructuresLearningSoftware\Release\DataStructuresLearningSoftware.write.1.tlog
C:\USERS\SIDDHARTH\DESKTOP\PROJLATEST\DATA-STRUCTURES-LEARNING-SOFTWARE\DATASTRUCTURESLEARNINGSOFTWARE\DATASTRUCTURESLEARNINGSOFTWARE\RELEASE\DISCUSSIONFORUM.OBJ
C:\USERS\SIDDHARTH\DESKTOP\PROJLATEST\DATA-STRUCTURES-LEARNING-SOFTWARE\DATASTRUCTURESLEARNINGSOFTWARE\DATASTRUCTURESLEARNINGSOFTWARE\RELEASE\GRAPH.OBJ
C:\USERS\SIDDHARTH\DESKTOP\PROJLATEST\DATA-STRUCTURES-LEARNING-SOFTWARE\DATASTRUCTURESLEARNINGSOFTWARE\DATASTRUCTURESLEARNINGSOFTWARE\RELEASE\GRAPHBFS.OBJ
C:\USERS\SIDDHARTH\DESKTOP\PROJLATEST\DATA-STRUCTURES-LEARNING-SOFTWARE\DATASTRUCTURESLEARNINGSOFTWARE\DATASTRUCTURESLEARNINGSOFTWARE\RELEASE\GRAPHS_HOME.OBJ
C:\USERS\SIDDHARTH\DESKTOP\PROJLATEST\DATA-STRUCTURES-LEARNING-SOFTWARE\DATASTRUCTURESLEARNINGSOFTWARE\DATASTRUCTURESLEARNINGSOFTWARE\RELEASE\HEAP.OBJ
C:\USERS\SIDDHARTH\DESKTOP\PROJLATEST\DATA-STRUCTURES-LEARNING-SOFTWARE\DATASTRUCTURESLEARNINGSOFTWARE\DATASTRUCTURESLEARNINGSOFTWARE\RELEASE\HEAP_DELETION.OBJ
C:\USERS\SIDDHARTH\DESKTOP\PROJLATEST\DATA-STRUCTURES-LEARNING-SOFTWARE\DATASTRUCTURESLEARNINGSOFTWARE\DATASTRUCTURESLEARNINGSOFTWARE\RELEASE\HEAP_INSERTION.OBJ
C:\USERS\SIDDHARTH\DESKTOP\PROJLATEST\DATA-STRUCTURES-LEARNING-SOFTWARE\DATASTRUCTURESLEARNINGSOFTWARE\DATASTRUCTURESLEARNINGSOFTWARE\RELEASE\HEAP_INTRODUCTION.OBJ
C:\USERS\SIDDHARTH\DESKTOP\PROJLATEST\DATA-STRUCTURES-LEARNING-SOFTWARE\DATASTRUCTURESLEARNINGSOFTWARE\DATASTRUCTURESLEARNINGSOFTWARE\RELEASE\INSERTIONSORT.OBJ
C:\USERS\SIDDHARTH\DESKTOP\PROJLATEST\DATA-STRUCTURES-LEARNING-SOFTWARE\DATASTRUCTURESLEARNINGSOFTWARE\DATASTRUCTURESLEARNINGSOFTWARE\RELEASE\LINEARSEARCH.OBJ
C:\USERS\SIDDHARTH\DESKTOP\PROJLATEST\DATA-STRUCTURES-LEARNING-SOFTWARE\DATASTRUCTURESLEARNINGSOFTWARE\DATASTRUCTURESLEARNINGSOFTWARE\RELEASE\LINKEDLIST.OBJ
C:\USERS\SIDDHARTH\DESKTOP\PROJLATEST\DATA-STRUCTURES-LEARNING-SOFTWARE\DATASTRUCTURESLEARNINGSOFTWARE\DATASTRUCTURESLEARNINGSOFTWARE\RELEASE\LINKEDLIST_DELETION.OBJ
C:\USERS\SIDDHARTH\DESKTOP\PROJLATEST\DATA-STRUCTURES-LEARNING-SOFTWARE\DATASTRUCTURESLEARNINGSOFTWARE\DATASTRUCTURESLEARNINGSOFTWARE\RELEASE\LINKEDLIST_INSERTION.OBJ
C:\USERS\SIDDHARTH\DESKTOP\PROJLATEST\DATA-STRUCTURES-LEARNING-SOFTWARE\DATASTRUCTURESLEARNINGSOFTWARE\DATASTRUCTURESLEARNINGSOFTWARE\RELEASE\LINKEDLIST_INTRODUCTION.OBJ
C:\USERS\SIDDHARTH\DESKTOP\PROJLATEST\DATA-STRUCTURES-LEARNING-SOFTWARE\DATASTRUCTURESLEARNINGSOFTWARE\DATASTRUCTURESLEARNINGSOFTWARE\RELEASE\LINKEDLIST_TRAVERSAL.OBJ
C:\USERS\SIDDHARTH\DESKTOP\PROJLATEST\DATA-STRUCTURES-LEARNING-SOFTWARE\DATASTRUCTURESLEARNINGSOFTWARE\DATASTRUCTURESLEARNINGSOFTWARE\RELEASE\LINKEDLIST1.OBJ
C:\USERS\SIDDHARTH\DESKTOP\PROJLATEST\DATA-STRUCTURES-LEARNING-SOFTWARE\DATASTRUCTURESLEARNINGSOFTWARE\DATASTRUCTURESLEARNINGSOFTWARE\RELEASE\MERGESORT.OBJ
C:\USERS\SIDDHARTH\DESKTOP\PROJLATEST\DATA-STRUCTURES-LEARNING-SOFTWARE\DATASTRUCTURESLEARNINGSOFTWARE\DATASTRUCTURESLEARNINGSOFTWARE\RELEASE\MODULEQUIZ.OBJ
C:\USERS\SIDDHARTH\DESKTOP\PROJLATEST\DATA-STRUCTURES-LEARNING-SOFTWARE\DATASTRUCTURESLEARNINGSOFTWARE\DATASTRUCTURESLEARNINGSOFTWARE\RELEASE\QUICKSORT.OBJ
C:\USERS\SIDDHARTH\DESKTOP\PROJLATEST\DATA-STRUCTURES-LEARNING-SOFTWARE\DATASTRUCTURESLEARNINGSOFTWARE\DATASTRUCTURESLEARNINGSOFTWARE\RELEASE\QUIZ.OBJ
C:\USERS\SIDDHARTH\DESKTOP\PROJLATEST\DATA-STRUCTURES-LEARNING-SOFTWARE\DATASTRUCTURESLEARNINGSOFTWARE\DATASTRUCTURESLEARNINGSOFTWARE\RELEASE\SEARCHING.OBJ
C:\USERS\SIDDHARTH\DESKTOP\PROJLATEST\DATA-STRUCTURES-LEARNING-SOFTWARE\DATASTRUCTURESLEARNINGSOFTWARE\DATASTRUCTURESLEARNINGSOFTWARE\RELEASE\SELECTIONSORT.OBJ
C:\USERS\SIDDHARTH\DESKTOP\PROJLATEST\DATA-STRUCTURES-LEARNING-SOFTWARE\DATASTRUCTURESLEARNINGSOFTWARE\DATASTRUCTURESLEARNINGSOFTWARE\RELEASE\SORTING.OBJ
C:\USERS\SIDDHARTH\DESKTOP\PROJLATEST\DATA-STRUCTURES-LEARNING-SOFTWARE\DATASTRUCTURESLEARNINGSOFTWARE\DATASTRUCTURESLEARNINGSOFTWARE\RELEASE\STACK_ANIMATIONS.OBJ
C:\USERS\SIDDHARTH\DESKTOP\PROJLATEST\DATA-STRUCTURES-LEARNING-SOFTWARE\DATASTRUCTURESLEARNINGSOFTWARE\DATASTRUCTURESLEARNINGSOFTWARE\RELEASE\STACK_APPLICATIONS.OBJ
C:\USERS\SIDDHARTH\DESKTOP\PROJLATEST\DATA-STRUCTURES-LEARNING-SOFTWARE\DATASTRUCTURESLEARNINGSOFTWARE\DATASTRUCTURESLEARNINGSOFTWARE\RELEASE\STACK_IMPLEMENTATION_ARRAY.OBJ
C:\USERS\SIDDHARTH\DESKTOP\PROJLATEST\DATA-STRUCTURES-LEARNING-SOFTWARE\DATASTRUCTURESLEARNINGSOFTWARE\DATASTRUCTURESLEARNINGSOFTWARE\RELEASE\STACK_IMPLEMENTATION_LINKEDLIST.OBJ
C:\USERS\SIDDHARTH\DESKTOP\PROJLATEST\DATA-STRUCTURES-LEARNING-SOFTWARE\DATASTRUCTURESLEARNINGSOFTWARE\DATASTRUCTURESLEARNINGSOFTWARE\RELEASE\STACK_INTRODUCTION.OBJ
C:\USERS\SIDDHARTH\DESKTOP\PROJLATEST\DATA-STRUCTURES-LEARNING-SOFTWARE\DATASTRUCTURESLEARNINGSOFTWARE\DATASTRUCTURESLEARNINGSOFTWARE\RELEASE\STACK_MAIN.OBJ
C:\USERS\SIDDHARTH\DESKTOP\PROJLATEST\DATA-STRUCTURES-LEARNING-SOFTWARE\DATASTRUCTURESLEARNINGSOFTWARE\DATASTRUCTURESLEARNINGSOFTWARE\RELEASE\STACK_RESOURCES.OBJ
C:\USERS\SIDDHARTH\DESKTOP\PROJLATEST\DATA-STRUCTURES-LEARNING-SOFTWARE\DATASTRUCTURESLEARNINGSOFTWARE\DATASTRUCTURESLEARNINGSOFTWARE\RELEASE\STACK_TEST.OBJ
C:\USERS\SIDDHARTH\DESKTOP\PROJLATEST\DATA-STRUCTURES-LEARNING-SOFTWARE\DATASTRUCTURESLEARNINGSOFTWARE\DATASTRUCTURESLEARNINGSOFTWARE\RELEASE\STDAFX.OBJ
C:\USERS\SIDDHARTH\DESKTOP\PROJLATEST\DATA-STRUCTURES-LEARNING-SOFTWARE\DATASTRUCTURESLEARNINGSOFTWARE\DATASTRUCTURESLEARNINGSOFTWARE\RELEASE\UI_CIRCULAR_QUEUE.OBJ
C:\USERS\SIDDHARTH\DESKTOP\PROJLATEST\DATA-STRUCTURES-LEARNING-SOFTWARE\DATASTRUCTURESLEARNINGSOFTWARE\DATASTRUCTURESLEARNINGSOFTWARE\RELEASE\UI_CIRCULAR_QUEUE_ANIMATION.OBJ
C:\USERS\SIDDHARTH\DESKTOP\PROJLATEST\DATA-STRUCTURES-LEARNING-SOFTWARE\DATASTRUCTURESLEARNINGSOFTWARE\DATASTRUCTURESLEARNINGSOFTWARE\RELEASE\UI_CIRCULAR_QUEUE_ARRAY.OBJ
C:\USERS\SIDDHARTH\DESKTOP\PROJLATEST\DATA-STRUCTURES-LEARNING-SOFTWARE\DATASTRUCTURESLEARNINGSOFTWARE\DATASTRUCTURESLEARNINGSOFTWARE\RELEASE\UI_CIRCULAR_QUEUE_LL.OBJ
C:\USERS\SIDDHARTH\DESKTOP\PROJLATEST\DATA-STRUCTURES-LEARNING-SOFTWARE\DATASTRUCTURESLEARNINGSOFTWARE\DATASTRUCTURESLEARNINGSOFTWARE\RELEASE\UI_LINEAR_QUEUE.OBJ
C:\USERS\SIDDHARTH\DESKTOP\PROJLATEST\DATA-STRUCTURES-LEARNING-SOFTWARE\DATASTRUCTURESLEARNINGSOFTWARE\DATASTRUCTURESLEARNINGSOFTWARE\RELEASE\UI_LINEAR_QUEUE_ANIMATION.OBJ
C:\USERS\SIDDHARTH\DESKTOP\PROJLATEST\DATA-STRUCTURES-LEARNING-SOFTWARE\DATASTRUCTURESLEARNINGSOFTWARE\DATASTRUCTURESLEARNINGSOFTWARE\RELEASE\UI_LINEAR_QUEUE_ARRAY.OBJ
C:\USERS\SIDDHARTH\DESKTOP\PROJLATEST\DATA-STRUCTURES-LEARNING-SOFTWARE\DATASTRUCTURESLEARNINGSOFTWARE\DATASTRUCTURESLEARNINGSOFTWARE\RELEASE\UI_LINEAR_QUEUE_LL.OBJ
C:\USERS\SIDDHARTH\DESKTOP\PROJLATEST\DATA-STRUCTURES-LEARNING-SOFTWARE\DATASTRUCTURESLEARNINGSOFTWARE\DATASTRUCTURESLEARNINGSOFTWARE\RELEASE\UI_QUEUE_APP.OBJ
C:\USERS\SIDDHARTH\DESKTOP\PROJLATEST\DATA-STRUCTURES-LEARNING-SOFTWARE\DATASTRUCTURESLEARNINGSOFTWARE\DATASTRUCTURESLEARNINGSOFTWARE\RELEASE\UI_QUEUE_INTRODUCTION.OBJ
C:\USERS\SIDDHARTH\DESKTOP\PROJLATEST\DATA-STRUCTURES-LEARNING-SOFTWARE\DATASTRUCTURESLEARNINGSOFTWARE\DATASTRUCTURESLEARNINGSOFTWARE\RELEASE\UI_QUEUE_QUIZ.OBJ
C:\USERS\SIDDHARTH\DESKTOP\PROJLATEST\DATA-STRUCTURES-LEARNING-SOFTWARE\DATASTRUCTURESLEARNINGSOFTWARE\DATASTRUCTURESLEARNINGSOFTWARE\RELEASE\VC100.PDB
