D:\GITHUB\DATA-STRUCTURES-LEARNING-SOFTWARE\DATASTRUCTURESLEARNINGSOFTWARE\DATASTRUCTURESLEARNINGSOFTWARE\DEBUG\.NETFRAMEWORK,VERSION=V4.0.ASSEMBLYATTRIBUTES.OBJ
D:\GITHUB\DATA-STRUCTURES-LEARNING-SOFTWARE\DATASTRUCTURESLEARNINGSOFTWARE\DATASTRUCTURESLEARNINGSOFTWARE\DEBUG\APP.RES
D:\GITHUB\DATA-STRUCTURES-LEARNING-SOFTWARE\DATASTRUCTURESLEARNINGSOFTWARE\DATASTRUCTURESLEARNINGSOFTWARE\DEBUG\ARRAY_INSERTION.OBJ
D:\GITHUB\DATA-STRUCTURES-LEARNING-SOFTWARE\DATASTRUCTURESLEARNINGSOFTWARE\DATASTRUCTURESLEARNINGSOFTWARE\DEBUG\ARRAY_INTRODUCTION.OBJ
D:\GITHUB\DATA-STRUCTURES-LEARNING-SOFTWARE\DATASTRUCTURESLEARNINGSOFTWARE\DATASTRUCTURESLEARNINGSOFTWARE\DEBUG\ARRAY_SEARCH.OBJ
D:\GITHUB\DATA-STRUCTURES-LEARNING-SOFTWARE\DATASTRUCTURESLEARNINGSOFTWARE\DATASTRUCTURESLEARNINGSOFTWARE\DEBUG\ARRAY_TRAVERSAL.OBJ
D:\GITHUB\DATA-STRUCTURES-LEARNING-SOFTWARE\DATASTRUCTURESLEARNINGSOFTWARE\DATASTRUCTURESLEARNINGSOFTWARE\DEBUG\ARRAYS.OBJ
D:\GITHUB\DATA-STRUCTURES-LEARNING-SOFTWARE\DATASTRUCTURESLEARNINGSOFTWARE\DATASTRUCTURESLEARNINGSOFTWARE\DEBUG\ASSEMBLYINFO.OBJ
D:\GITHUB\DATA-STRUCTURES-LEARNING-SOFTWARE\DATASTRUCTURESLEARNINGSOFTWARE\DATASTRUCTURESLEARNINGSOFTWARE\DEBUG\BINARYSEARCH.OBJ
D:\GITHUB\DATA-STRUCTURES-LEARNING-SOFTWARE\DATASTRUCTURESLEARNINGSOFTWARE\DATASTRUCTURESLEARNINGSOFTWARE\DEBUG\BUBBLESORT.OBJ
D:\Github\Data-Structures-Learning-Software\DataStructuresLearningSoftware\DataStructuresLearningSoftware\Debug\cl.command.1.tlog
D:\Github\Data-Structures-Learning-Software\DataStructuresLearningSoftware\DataStructuresLearningSoftware\Debug\CL.read.1.tlog
D:\Github\Data-Structures-Learning-Software\DataStructuresLearningSoftware\DataStructuresLearningSoftware\Debug\CL.write.1.tlog
D:\Github\Data-Structures-Learning-Software\DataStructuresLearningSoftware\DataStructuresLearningSoftware\Debug\DataStructuresLearningSoftware.Array_Insertion.resources
D:\Github\Data-Structures-Learning-Software\DataStructuresLearningSoftware\DataStructuresLearningSoftware\Debug\DataStructuresLearningSoftware.Array_Introduction.resources
D:\Github\Data-Structures-Learning-Software\DataStructuresLearningSoftware\DataStructuresLearningSoftware\Debug\DataStructuresLearningSoftware.Array_Search.resources
D:\Github\Data-Structures-Learning-Software\DataStructuresLearningSoftware\DataStructuresLearningSoftware\Debug\DataStructuresLearningSoftware.Array_Traversal.resources
D:\Github\Data-Structures-Learning-Software\DataStructuresLearningSoftware\DataStructuresLearningSoftware\Debug\DataStructuresLearningSoftware.Arrays.resources
D:\Github\Data-Structures-Learning-Software\DataStructuresLearningSoftware\DataStructuresLearningSoftware\Debug\DataStructuresLearningSoftware.BinarySearch.resources
D:\Github\Data-Structures-Learning-Software\DataStructuresLearningSoftware\DataStructuresLearningSoftware\Debug\DataStructuresLearningSoftware.bubbleSort.resources
D:\Github\Data-Structures-Learning-Software\DataStructuresLearningSoftware\DataStructuresLearningSoftware\Debug\DataStructuresLearningSoftware.DiscussionForum.resources
D:\Github\Data-Structures-Learning-Software\DataStructuresLearningSoftware\DataStructuresLearningSoftware\Debug\DataStructuresLearningSoftware.exe.intermediate.manifest
D:\Github\Data-Structures-Learning-Software\DataStructuresLearningSoftware\DataStructuresLearningSoftware\Debug\DataStructuresLearningSoftware.Homepage.resources
D:\Github\Data-Structures-Learning-Software\DataStructuresLearningSoftware\DataStructuresLearningSoftware\Debug\DataStructuresLearningSoftware.InsertionSort.resources
D:\Github\Data-Structures-Learning-Software\DataStructuresLearningSoftware\DataStructuresLearningSoftware\Debug\DataStructuresLearningSoftware.LinearSearch.resources
D:\Github\Data-Structures-Learning-Software\DataStructuresLearningSoftware\DataStructuresLearningSoftware\Debug\DataStructuresLearningSoftware.LinkedList.resources
D:\Github\Data-Structures-Learning-Software\DataStructuresLearningSoftware\DataStructuresLearningSoftware\Debug\DataStructuresLearningSoftware.LinkedList_Deletion.resources
D:\Github\Data-Structures-Learning-Software\DataStructuresLearningSoftware\DataStructuresLearningSoftware\Debug\DataStructuresLearningSoftware.LinkedList_Insertion.resources
D:\Github\Data-Structures-Learning-Software\DataStructuresLearningSoftware\DataStructuresLearningSoftware\Debug\DataStructuresLearningSoftware.LinkedList_Introduction.resources
D:\Github\Data-Structures-Learning-Software\DataStructuresLearningSoftware\DataStructuresLearningSoftware\Debug\DataStructuresLearningSoftware.LinkedList_Traversal.resources
D:\Github\Data-Structures-Learning-Software\DataStructuresLearningSoftware\DataStructuresLearningSoftware\Debug\DataStructuresLearningSoftware.LinkedList1.resources
D:\Github\Data-Structures-Learning-Software\DataStructuresLearningSoftware\DataStructuresLearningSoftware\Debug\DataStructuresLearningSoftware.LoginForm.resources
D:\Github\Data-Structures-Learning-Software\DataStructuresLearningSoftware\DataStructuresLearningSoftware\Debug\DataStructuresLearningSoftware.MainPage.resources
D:\Github\Data-Structures-Learning-Software\DataStructuresLearningSoftware\DataStructuresLearningSoftware\Debug\DataStructuresLearningSoftware.mergesort.resources
D:\Github\Data-Structures-Learning-Software\DataStructuresLearningSoftware\DataStructuresLearningSoftware\Debug\DataStructuresLearningSoftware.moduleQuiz.resources
D:\GITHUB\DATA-STRUCTURES-LEARNING-SOFTWARE\DATASTRUCTURESLEARNINGSOFTWARE\DATASTRUCTURESLEARNINGSOFTWARE\DEBUG\DATASTRUCTURESLEARNINGSOFTWARE.OBJ
D:\GITHUB\DATA-STRUCTURES-LEARNING-SOFTWARE\DATASTRUCTURESLEARNINGSOFTWARE\DATASTRUCTURESLEARNINGSOFTWARE\DEBUG\DATASTRUCTURESLEARNINGSOFTWARE.PCH
D:\Github\Data-Structures-Learning-Software\DataStructuresLearningSoftware\DataStructuresLearningSoftware\Debug\DataStructuresLearningSoftware.Queue_Home.resources
D:\Github\Data-Structures-Learning-Software\DataStructuresLearningSoftware\DataStructuresLearningSoftware\Debug\DataStructuresLearningSoftware.QuickSort.resources
D:\Github\Data-Structures-Learning-Software\DataStructuresLearningSoftware\DataStructuresLearningSoftware\Debug\DataStructuresLearningSoftware.Quiz.resources
D:\Github\Data-Structures-Learning-Software\DataStructuresLearningSoftware\DataStructuresLearningSoftware\Debug\DataStructuresLearningSoftware.Searching.resources
D:\Github\Data-Structures-Learning-Software\DataStructuresLearningSoftware\DataStructuresLearningSoftware\Debug\DataStructuresLearningSoftware.SelectionSort.resources
D:\Github\Data-Structures-Learning-Software\DataStructuresLearningSoftware\DataStructuresLearningSoftware\Debug\DataStructuresLearningSoftware.Sorting.resources
D:\Github\Data-Structures-Learning-Software\DataStructuresLearningSoftware\DataStructuresLearningSoftware\Debug\DataStructuresLearningSoftware.Stack_Animations.resources
D:\Github\Data-Structures-Learning-Software\DataStructuresLearningSoftware\DataStructuresLearningSoftware\Debug\DataStructuresLearningSoftware.Stack_Applications.resources
D:\Github\Data-Structures-Learning-Software\DataStructuresLearningSoftware\DataStructuresLearningSoftware\Debug\DataStructuresLearningSoftware.Stack_Implementation_Array.resources
D:\Github\Data-Structures-Learning-Software\DataStructuresLearningSoftware\DataStructuresLearningSoftware\Debug\DataStructuresLearningSoftware.Stack_Implementation_LinkedList.resources
D:\Github\Data-Structures-Learning-Software\DataStructuresLearningSoftware\DataStructuresLearningSoftware\Debug\DataStructuresLearningSoftware.Stack_Introduction.resources
D:\Github\Data-Structures-Learning-Software\DataStructuresLearningSoftware\DataStructuresLearningSoftware\Debug\DataStructuresLearningSoftware.Stack_Main.resources
D:\Github\Data-Structures-Learning-Software\DataStructuresLearningSoftware\DataStructuresLearningSoftware\Debug\DataStructuresLearningSoftware.Stack_Resources.resources
D:\Github\Data-Structures-Learning-Software\DataStructuresLearningSoftware\DataStructuresLearningSoftware\Debug\DataStructuresLearningSoftware.Stack_Test.resources
D:\Github\Data-Structures-Learning-Software\DataStructuresLearningSoftware\DataStructuresLearningSoftware\Debug\DataStructuresLearningSoftware.UI_Circular_Queue.resources
D:\Github\Data-Structures-Learning-Software\DataStructuresLearningSoftware\DataStructuresLearningSoftware\Debug\DataStructuresLearningSoftware.UI_Circular_Queue_Animation.resources
D:\Github\Data-Structures-Learning-Software\DataStructuresLearningSoftware\DataStructuresLearningSoftware\Debug\DataStructuresLearningSoftware.UI_Circular_Queue_Array.resources
D:\Github\Data-Structures-Learning-Software\DataStructuresLearningSoftware\DataStructuresLearningSoftware\Debug\DataStructuresLearningSoftware.UI_Circular_Queue_LL.resources
D:\Github\Data-Structures-Learning-Software\DataStructuresLearningSoftware\DataStructuresLearningSoftware\Debug\DataStructuresLearningSoftware.UI_Linear_Queue.resources
D:\Github\Data-Structures-Learning-Software\DataStructuresLearningSoftware\DataStructuresLearningSoftware\Debug\DataStructuresLearningSoftware.UI_Linear_Queue_Animation.resources
D:\Github\Data-Structures-Learning-Software\DataStructuresLearningSoftware\DataStructuresLearningSoftware\Debug\DataStructuresLearningSoftware.UI_Linear_Queue_Array.resources
D:\Github\Data-Structures-Learning-Software\DataStructuresLearningSoftware\DataStructuresLearningSoftware\Debug\DataStructuresLearningSoftware.UI_Linear_Queue_LL.resources
D:\Github\Data-Structures-Learning-Software\DataStructuresLearningSoftware\DataStructuresLearningSoftware\Debug\DataStructuresLearningSoftware.UI_Queue_App.resources
D:\Github\Data-Structures-Learning-Software\DataStructuresLearningSoftware\DataStructuresLearningSoftware\Debug\DataStructuresLearningSoftware.UI_Queue_Introduction.resources
D:\Github\Data-Structures-Learning-Software\DataStructuresLearningSoftware\DataStructuresLearningSoftware\Debug\DataStructuresLearningSoftware.UI_Queue_Quiz.resources
D:\Github\Data-Structures-Learning-Software\DataStructuresLearningSoftware\DataStructuresLearningSoftware\Debug\DataStructuresLearningSoftware.vcxproj.GenerateResource.Cache
D:\Github\Data-Structures-Learning-Software\DataStructuresLearningSoftware\DataStructuresLearningSoftware\Debug\DataStructuresLearningSoftware.vcxprojResolveAssemblyReference.cache
D:\Github\Data-Structures-Learning-Software\DataStructuresLearningSoftware\DataStructuresLearningSoftware\Debug\DataStructuresLearningSoftware.write.1.tlog
D:\GITHUB\DATA-STRUCTURES-LEARNING-SOFTWARE\DATASTRUCTURESLEARNINGSOFTWARE\DATASTRUCTURESLEARNINGSOFTWARE\DEBUG\DISCUSSIONFORUM.OBJ
D:\GITHUB\DATA-STRUCTURES-LEARNING-SOFTWARE\DATASTRUCTURESLEARNINGSOFTWARE\DATASTRUCTURESLEARNINGSOFTWARE\DEBUG\HOMEPAGE.OBJ
D:\GITHUB\DATA-STRUCTURES-LEARNING-SOFTWARE\DATASTRUCTURESLEARNINGSOFTWARE\DATASTRUCTURESLEARNINGSOFTWARE\DEBUG\INSERTIONSORT.OBJ
D:\GITHUB\DATA-STRUCTURES-LEARNING-SOFTWARE\DATASTRUCTURESLEARNINGSOFTWARE\DATASTRUCTURESLEARNINGSOFTWARE\DEBUG\LINEARSEARCH.OBJ
D:\Github\Data-Structures-Learning-Software\DataStructuresLearningSoftware\DataStructuresLearningSoftware\Debug\link.11836.read.1.tlog
D:\Github\Data-Structures-Learning-Software\DataStructuresLearningSoftware\DataStructuresLearningSoftware\Debug\link.11836.write.1.tlog
D:\Github\Data-Structures-Learning-Software\DataStructuresLearningSoftware\DataStructuresLearningSoftware\Debug\link.11836-cvtres.read.1.tlog
D:\Github\Data-Structures-Learning-Software\DataStructuresLearningSoftware\DataStructuresLearningSoftware\Debug\link.11836-cvtres.write.1.tlog
D:\Github\Data-Structures-Learning-Software\DataStructuresLearningSoftware\DataStructuresLearningSoftware\Debug\link.11996.read.1.tlog
D:\Github\Data-Structures-Learning-Software\DataStructuresLearningSoftware\DataStructuresLearningSoftware\Debug\link.11996.write.1.tlog
D:\Github\Data-Structures-Learning-Software\DataStructuresLearningSoftware\DataStructuresLearningSoftware\Debug\link.11996-cvtres.read.1.tlog
D:\Github\Data-Structures-Learning-Software\DataStructuresLearningSoftware\DataStructuresLearningSoftware\Debug\link.11996-cvtres.write.1.tlog
D:\Github\Data-Structures-Learning-Software\DataStructuresLearningSoftware\DataStructuresLearningSoftware\Debug\link.12256.read.1.tlog
D:\Github\Data-Structures-Learning-Software\DataStructuresLearningSoftware\DataStructuresLearningSoftware\Debug\link.12256.write.1.tlog
D:\Github\Data-Structures-Learning-Software\DataStructuresLearningSoftware\DataStructuresLearningSoftware\Debug\link.12256-cvtres.read.1.tlog
D:\Github\Data-Structures-Learning-Software\DataStructuresLearningSoftware\DataStructuresLearningSoftware\Debug\link.12256-cvtres.write.1.tlog
D:\Github\Data-Structures-Learning-Software\DataStructuresLearningSoftware\DataStructuresLearningSoftware\Debug\link.1252.read.1.tlog
D:\Github\Data-Structures-Learning-Software\DataStructuresLearningSoftware\DataStructuresLearningSoftware\Debug\link.1252.write.1.tlog
D:\Github\Data-Structures-Learning-Software\DataStructuresLearningSoftware\DataStructuresLearningSoftware\Debug\link.1252-cvtres.read.1.tlog
D:\Github\Data-Structures-Learning-Software\DataStructuresLearningSoftware\DataStructuresLearningSoftware\Debug\link.1252-cvtres.write.1.tlog
D:\Github\Data-Structures-Learning-Software\DataStructuresLearningSoftware\DataStructuresLearningSoftware\Debug\link.15184.read.1.tlog
D:\Github\Data-Structures-Learning-Software\DataStructuresLearningSoftware\DataStructuresLearningSoftware\Debug\link.15184.write.1.tlog
D:\Github\Data-Structures-Learning-Software\DataStructuresLearningSoftware\DataStructuresLearningSoftware\Debug\link.15184-cvtres.read.1.tlog
D:\Github\Data-Structures-Learning-Software\DataStructuresLearningSoftware\DataStructuresLearningSoftware\Debug\link.15184-cvtres.write.1.tlog
D:\Github\Data-Structures-Learning-Software\DataStructuresLearningSoftware\DataStructuresLearningSoftware\Debug\link.16668.read.1.tlog
D:\Github\Data-Structures-Learning-Software\DataStructuresLearningSoftware\DataStructuresLearningSoftware\Debug\link.16668.write.1.tlog
D:\Github\Data-Structures-Learning-Software\DataStructuresLearningSoftware\DataStructuresLearningSoftware\Debug\link.16668-cvtres.read.1.tlog
D:\Github\Data-Structures-Learning-Software\DataStructuresLearningSoftware\DataStructuresLearningSoftware\Debug\link.16668-cvtres.write.1.tlog
D:\Github\Data-Structures-Learning-Software\DataStructuresLearningSoftware\DataStructuresLearningSoftware\Debug\link.16992.read.1.tlog
D:\Github\Data-Structures-Learning-Software\DataStructuresLearningSoftware\DataStructuresLearningSoftware\Debug\link.16992.write.1.tlog
D:\Github\Data-Structures-Learning-Software\DataStructuresLearningSoftware\DataStructuresLearningSoftware\Debug\link.16992-cvtres.read.1.tlog
D:\Github\Data-Structures-Learning-Software\DataStructuresLearningSoftware\DataStructuresLearningSoftware\Debug\link.16992-cvtres.write.1.tlog
D:\Github\Data-Structures-Learning-Software\DataStructuresLearningSoftware\DataStructuresLearningSoftware\Debug\link.18964.read.1.tlog
D:\Github\Data-Structures-Learning-Software\DataStructuresLearningSoftware\DataStructuresLearningSoftware\Debug\link.18964.write.1.tlog
D:\Github\Data-Structures-Learning-Software\DataStructuresLearningSoftware\DataStructuresLearningSoftware\Debug\link.18964-cvtres.read.1.tlog
D:\Github\Data-Structures-Learning-Software\DataStructuresLearningSoftware\DataStructuresLearningSoftware\Debug\link.18964-cvtres.write.1.tlog
D:\Github\Data-Structures-Learning-Software\DataStructuresLearningSoftware\DataStructuresLearningSoftware\Debug\link.19532.read.1.tlog
D:\Github\Data-Structures-Learning-Software\DataStructuresLearningSoftware\DataStructuresLearningSoftware\Debug\link.19532.write.1.tlog
D:\Github\Data-Structures-Learning-Software\DataStructuresLearningSoftware\DataStructuresLearningSoftware\Debug\link.19532-cvtres.read.1.tlog
D:\Github\Data-Structures-Learning-Software\DataStructuresLearningSoftware\DataStructuresLearningSoftware\Debug\link.19532-cvtres.write.1.tlog
D:\Github\Data-Structures-Learning-Software\DataStructuresLearningSoftware\DataStructuresLearningSoftware\Debug\link.20240.read.1.tlog
D:\Github\Data-Structures-Learning-Software\DataStructuresLearningSoftware\DataStructuresLearningSoftware\Debug\link.20240.write.1.tlog
D:\Github\Data-Structures-Learning-Software\DataStructuresLearningSoftware\DataStructuresLearningSoftware\Debug\link.20240-cvtres.read.1.tlog
D:\Github\Data-Structures-Learning-Software\DataStructuresLearningSoftware\DataStructuresLearningSoftware\Debug\link.20240-cvtres.write.1.tlog
D:\Github\Data-Structures-Learning-Software\DataStructuresLearningSoftware\DataStructuresLearningSoftware\Debug\link.20636.read.1.tlog
D:\Github\Data-Structures-Learning-Software\DataStructuresLearningSoftware\DataStructuresLearningSoftware\Debug\link.20636.write.1.tlog
D:\Github\Data-Structures-Learning-Software\DataStructuresLearningSoftware\DataStructuresLearningSoftware\Debug\link.20636-cvtres.read.1.tlog
D:\Github\Data-Structures-Learning-Software\DataStructuresLearningSoftware\DataStructuresLearningSoftware\Debug\link.20636-cvtres.write.1.tlog
D:\Github\Data-Structures-Learning-Software\DataStructuresLearningSoftware\DataStructuresLearningSoftware\Debug\link.21328.read.1.tlog
D:\Github\Data-Structures-Learning-Software\DataStructuresLearningSoftware\DataStructuresLearningSoftware\Debug\link.21328.write.1.tlog
D:\Github\Data-Structures-Learning-Software\DataStructuresLearningSoftware\DataStructuresLearningSoftware\Debug\link.21328-cvtres.read.1.tlog
D:\Github\Data-Structures-Learning-Software\DataStructuresLearningSoftware\DataStructuresLearningSoftware\Debug\link.21328-cvtres.write.1.tlog
D:\Github\Data-Structures-Learning-Software\DataStructuresLearningSoftware\DataStructuresLearningSoftware\Debug\link.22692.read.1.tlog
D:\Github\Data-Structures-Learning-Software\DataStructuresLearningSoftware\DataStructuresLearningSoftware\Debug\link.22692.write.1.tlog
D:\Github\Data-Structures-Learning-Software\DataStructuresLearningSoftware\DataStructuresLearningSoftware\Debug\link.22692-cvtres.read.1.tlog
D:\Github\Data-Structures-Learning-Software\DataStructuresLearningSoftware\DataStructuresLearningSoftware\Debug\link.22692-cvtres.write.1.tlog
D:\Github\Data-Structures-Learning-Software\DataStructuresLearningSoftware\DataStructuresLearningSoftware\Debug\link.2920.read.1.tlog
D:\Github\Data-Structures-Learning-Software\DataStructuresLearningSoftware\DataStructuresLearningSoftware\Debug\link.2920.write.1.tlog
D:\Github\Data-Structures-Learning-Software\DataStructuresLearningSoftware\DataStructuresLearningSoftware\Debug\link.2920-cvtres.read.1.tlog
D:\Github\Data-Structures-Learning-Software\DataStructuresLearningSoftware\DataStructuresLearningSoftware\Debug\link.2920-cvtres.write.1.tlog
D:\Github\Data-Structures-Learning-Software\DataStructuresLearningSoftware\DataStructuresLearningSoftware\Debug\link.3192.read.1.tlog
D:\Github\Data-Structures-Learning-Software\DataStructuresLearningSoftware\DataStructuresLearningSoftware\Debug\link.3192.write.1.tlog
D:\Github\Data-Structures-Learning-Software\DataStructuresLearningSoftware\DataStructuresLearningSoftware\Debug\link.3192-cvtres.read.1.tlog
D:\Github\Data-Structures-Learning-Software\DataStructuresLearningSoftware\DataStructuresLearningSoftware\Debug\link.3192-cvtres.write.1.tlog
D:\Github\Data-Structures-Learning-Software\DataStructuresLearningSoftware\DataStructuresLearningSoftware\Debug\link.4628.read.1.tlog
D:\Github\Data-Structures-Learning-Software\DataStructuresLearningSoftware\DataStructuresLearningSoftware\Debug\link.4628.write.1.tlog
D:\Github\Data-Structures-Learning-Software\DataStructuresLearningSoftware\DataStructuresLearningSoftware\Debug\link.4628-cvtres.read.1.tlog
D:\Github\Data-Structures-Learning-Software\DataStructuresLearningSoftware\DataStructuresLearningSoftware\Debug\link.4628-cvtres.write.1.tlog
D:\Github\Data-Structures-Learning-Software\DataStructuresLearningSoftware\DataStructuresLearningSoftware\Debug\link.5064.read.1.tlog
D:\Github\Data-Structures-Learning-Software\DataStructuresLearningSoftware\DataStructuresLearningSoftware\Debug\link.5064.write.1.tlog
D:\Github\Data-Structures-Learning-Software\DataStructuresLearningSoftware\DataStructuresLearningSoftware\Debug\link.5064-cvtres.read.1.tlog
D:\Github\Data-Structures-Learning-Software\DataStructuresLearningSoftware\DataStructuresLearningSoftware\Debug\link.5064-cvtres.write.1.tlog
D:\Github\Data-Structures-Learning-Software\DataStructuresLearningSoftware\DataStructuresLearningSoftware\Debug\link.5224.read.1.tlog
D:\Github\Data-Structures-Learning-Software\DataStructuresLearningSoftware\DataStructuresLearningSoftware\Debug\link.5224.write.1.tlog
D:\Github\Data-Structures-Learning-Software\DataStructuresLearningSoftware\DataStructuresLearningSoftware\Debug\link.5224-cvtres.read.1.tlog
D:\Github\Data-Structures-Learning-Software\DataStructuresLearningSoftware\DataStructuresLearningSoftware\Debug\link.5224-cvtres.write.1.tlog
D:\Github\Data-Structures-Learning-Software\DataStructuresLearningSoftware\DataStructuresLearningSoftware\Debug\link.5244.read.1.tlog
D:\Github\Data-Structures-Learning-Software\DataStructuresLearningSoftware\DataStructuresLearningSoftware\Debug\link.5244.write.1.tlog
D:\Github\Data-Structures-Learning-Software\DataStructuresLearningSoftware\DataStructuresLearningSoftware\Debug\link.5244-cvtres.read.1.tlog
D:\Github\Data-Structures-Learning-Software\DataStructuresLearningSoftware\DataStructuresLearningSoftware\Debug\link.5244-cvtres.write.1.tlog
D:\Github\Data-Structures-Learning-Software\DataStructuresLearningSoftware\DataStructuresLearningSoftware\Debug\link.5620.read.1.tlog
D:\Github\Data-Structures-Learning-Software\DataStructuresLearningSoftware\DataStructuresLearningSoftware\Debug\link.5620.write.1.tlog
D:\Github\Data-Structures-Learning-Software\DataStructuresLearningSoftware\DataStructuresLearningSoftware\Debug\link.5620-cvtres.read.1.tlog
D:\Github\Data-Structures-Learning-Software\DataStructuresLearningSoftware\DataStructuresLearningSoftware\Debug\link.5620-cvtres.write.1.tlog
D:\Github\Data-Structures-Learning-Software\DataStructuresLearningSoftware\DataStructuresLearningSoftware\Debug\link.6184.read.1.tlog
D:\Github\Data-Structures-Learning-Software\DataStructuresLearningSoftware\DataStructuresLearningSoftware\Debug\link.6184.write.1.tlog
D:\Github\Data-Structures-Learning-Software\DataStructuresLearningSoftware\DataStructuresLearningSoftware\Debug\link.6184-cvtres.read.1.tlog
D:\Github\Data-Structures-Learning-Software\DataStructuresLearningSoftware\DataStructuresLearningSoftware\Debug\link.6184-cvtres.write.1.tlog
D:\Github\Data-Structures-Learning-Software\DataStructuresLearningSoftware\DataStructuresLearningSoftware\Debug\link.6212.read.1.tlog
D:\Github\Data-Structures-Learning-Software\DataStructuresLearningSoftware\DataStructuresLearningSoftware\Debug\link.6212.write.1.tlog
D:\Github\Data-Structures-Learning-Software\DataStructuresLearningSoftware\DataStructuresLearningSoftware\Debug\link.6212-cvtres.read.1.tlog
D:\Github\Data-Structures-Learning-Software\DataStructuresLearningSoftware\DataStructuresLearningSoftware\Debug\link.6212-cvtres.write.1.tlog
D:\Github\Data-Structures-Learning-Software\DataStructuresLearningSoftware\DataStructuresLearningSoftware\Debug\link.6800.read.1.tlog
D:\Github\Data-Structures-Learning-Software\DataStructuresLearningSoftware\DataStructuresLearningSoftware\Debug\link.6800.write.1.tlog
D:\Github\Data-Structures-Learning-Software\DataStructuresLearningSoftware\DataStructuresLearningSoftware\Debug\link.6800-cvtres.read.1.tlog
D:\Github\Data-Structures-Learning-Software\DataStructuresLearningSoftware\DataStructuresLearningSoftware\Debug\link.6800-cvtres.write.1.tlog
D:\Github\Data-Structures-Learning-Software\DataStructuresLearningSoftware\DataStructuresLearningSoftware\Debug\link.6924.read.1.tlog
D:\Github\Data-Structures-Learning-Software\DataStructuresLearningSoftware\DataStructuresLearningSoftware\Debug\link.6924.write.1.tlog
D:\Github\Data-Structures-Learning-Software\DataStructuresLearningSoftware\DataStructuresLearningSoftware\Debug\link.6924-cvtres.read.1.tlog
D:\Github\Data-Structures-Learning-Software\DataStructuresLearningSoftware\DataStructuresLearningSoftware\Debug\link.6924-cvtres.write.1.tlog
D:\Github\Data-Structures-Learning-Software\DataStructuresLearningSoftware\DataStructuresLearningSoftware\Debug\link.8356.read.1.tlog
D:\Github\Data-Structures-Learning-Software\DataStructuresLearningSoftware\DataStructuresLearningSoftware\Debug\link.8356.write.1.tlog
D:\Github\Data-Structures-Learning-Software\DataStructuresLearningSoftware\DataStructuresLearningSoftware\Debug\link.8356-cvtres.read.1.tlog
D:\Github\Data-Structures-Learning-Software\DataStructuresLearningSoftware\DataStructuresLearningSoftware\Debug\link.8356-cvtres.write.1.tlog
D:\Github\Data-Structures-Learning-Software\DataStructuresLearningSoftware\DataStructuresLearningSoftware\Debug\link.command.1.tlog
D:\Github\Data-Structures-Learning-Software\DataStructuresLearningSoftware\DataStructuresLearningSoftware\Debug\link.read.1.tlog
D:\Github\Data-Structures-Learning-Software\DataStructuresLearningSoftware\DataStructuresLearningSoftware\Debug\link.write.1.tlog
D:\GITHUB\DATA-STRUCTURES-LEARNING-SOFTWARE\DATASTRUCTURESLEARNINGSOFTWARE\DATASTRUCTURESLEARNINGSOFTWARE\DEBUG\LINKEDLIST.OBJ
D:\GITHUB\DATA-STRUCTURES-LEARNING-SOFTWARE\DATASTRUCTURESLEARNINGSOFTWARE\DATASTRUCTURESLEARNINGSOFTWARE\DEBUG\LINKEDLIST_DELETION.OBJ
D:\GITHUB\DATA-STRUCTURES-LEARNING-SOFTWARE\DATASTRUCTURESLEARNINGSOFTWARE\DATASTRUCTURESLEARNINGSOFTWARE\DEBUG\LINKEDLIST_INSERTION.OBJ
D:\GITHUB\DATA-STRUCTURES-LEARNING-SOFTWARE\DATASTRUCTURESLEARNINGSOFTWARE\DATASTRUCTURESLEARNINGSOFTWARE\DEBUG\LINKEDLIST_INTRODUCTION.OBJ
D:\GITHUB\DATA-STRUCTURES-LEARNING-SOFTWARE\DATASTRUCTURESLEARNINGSOFTWARE\DATASTRUCTURESLEARNINGSOFTWARE\DEBUG\LINKEDLIST_TRAVERSAL.OBJ
D:\GITHUB\DATA-STRUCTURES-LEARNING-SOFTWARE\DATASTRUCTURESLEARNINGSOFTWARE\DATASTRUCTURESLEARNINGSOFTWARE\DEBUG\LINKEDLIST1.OBJ
D:\GITHUB\DATA-STRUCTURES-LEARNING-SOFTWARE\DATASTRUCTURESLEARNINGSOFTWARE\DATASTRUCTURESLEARNINGSOFTWARE\DEBUG\LOGINFORM.OBJ
D:\GITHUB\DATA-STRUCTURES-LEARNING-SOFTWARE\DATASTRUCTURESLEARNINGSOFTWARE\DATASTRUCTURESLEARNINGSOFTWARE\DEBUG\MERGESORT.OBJ
D:\GITHUB\DATA-STRUCTURES-LEARNING-SOFTWARE\DATASTRUCTURESLEARNINGSOFTWARE\DATASTRUCTURESLEARNINGSOFTWARE\DEBUG\MODULEQUIZ.OBJ
D:\Github\Data-Structures-Learning-Software\DataStructuresLearningSoftware\DataStructuresLearningSoftware\Debug\mt.command.1.tlog
D:\Github\Data-Structures-Learning-Software\DataStructuresLearningSoftware\DataStructuresLearningSoftware\Debug\mt.read.1.tlog
D:\Github\Data-Structures-Learning-Software\DataStructuresLearningSoftware\DataStructuresLearningSoftware\Debug\mt.write.1.tlog
D:\GITHUB\DATA-STRUCTURES-LEARNING-SOFTWARE\DATASTRUCTURESLEARNINGSOFTWARE\DATASTRUCTURESLEARNINGSOFTWARE\DEBUG\QUEUE_HOME.OBJ
D:\GITHUB\DATA-STRUCTURES-LEARNING-SOFTWARE\DATASTRUCTURESLEARNINGSOFTWARE\DATASTRUCTURESLEARNINGSOFTWARE\DEBUG\QUICKSORT.OBJ
D:\GITHUB\DATA-STRUCTURES-LEARNING-SOFTWARE\DATASTRUCTURESLEARNINGSOFTWARE\DATASTRUCTURESLEARNINGSOFTWARE\DEBUG\QUIZ.OBJ
D:\Github\Data-Structures-Learning-Software\DataStructuresLearningSoftware\DataStructuresLearningSoftware\Debug\rc.command.1.tlog
D:\Github\Data-Structures-Learning-Software\DataStructuresLearningSoftware\DataStructuresLearningSoftware\Debug\rc.read.1.tlog
D:\Github\Data-Structures-Learning-Software\DataStructuresLearningSoftware\DataStructuresLearningSoftware\Debug\rc.write.1.tlog
D:\GITHUB\DATA-STRUCTURES-LEARNING-SOFTWARE\DATASTRUCTURESLEARNINGSOFTWARE\DATASTRUCTURESLEARNINGSOFTWARE\DEBUG\SEARCHING.OBJ
D:\GITHUB\DATA-STRUCTURES-LEARNING-SOFTWARE\DATASTRUCTURESLEARNINGSOFTWARE\DATASTRUCTURESLEARNINGSOFTWARE\DEBUG\SELECTIONSORT.OBJ
D:\GITHUB\DATA-STRUCTURES-LEARNING-SOFTWARE\DATASTRUCTURESLEARNINGSOFTWARE\DATASTRUCTURESLEARNINGSOFTWARE\DEBUG\SORTING.OBJ
D:\GITHUB\DATA-STRUCTURES-LEARNING-SOFTWARE\DATASTRUCTURESLEARNINGSOFTWARE\DATASTRUCTURESLEARNINGSOFTWARE\DEBUG\STACK_ANIMATIONS.OBJ
D:\GITHUB\DATA-STRUCTURES-LEARNING-SOFTWARE\DATASTRUCTURESLEARNINGSOFTWARE\DATASTRUCTURESLEARNINGSOFTWARE\DEBUG\STACK_APPLICATIONS.OBJ
D:\GITHUB\DATA-STRUCTURES-LEARNING-SOFTWARE\DATASTRUCTURESLEARNINGSOFTWARE\DATASTRUCTURESLEARNINGSOFTWARE\DEBUG\STACK_IMPLEMENTATION_ARRAY.OBJ
D:\GITHUB\DATA-STRUCTURES-LEARNING-SOFTWARE\DATASTRUCTURESLEARNINGSOFTWARE\DATASTRUCTURESLEARNINGSOFTWARE\DEBUG\STACK_IMPLEMENTATION_LINKEDLIST.OBJ
D:\GITHUB\DATA-STRUCTURES-LEARNING-SOFTWARE\DATASTRUCTURESLEARNINGSOFTWARE\DATASTRUCTURESLEARNINGSOFTWARE\DEBUG\STACK_INTRODUCTION.OBJ
D:\GITHUB\DATA-STRUCTURES-LEARNING-SOFTWARE\DATASTRUCTURESLEARNINGSOFTWARE\DATASTRUCTURESLEARNINGSOFTWARE\DEBUG\STACK_MAIN.OBJ
D:\GITHUB\DATA-STRUCTURES-LEARNING-SOFTWARE\DATASTRUCTURESLEARNINGSOFTWARE\DATASTRUCTURESLEARNINGSOFTWARE\DEBUG\STACK_RESOURCES.OBJ
D:\GITHUB\DATA-STRUCTURES-LEARNING-SOFTWARE\DATASTRUCTURESLEARNINGSOFTWARE\DATASTRUCTURESLEARNINGSOFTWARE\DEBUG\STACK_TEST.OBJ
D:\GITHUB\DATA-STRUCTURES-LEARNING-SOFTWARE\DATASTRUCTURESLEARNINGSOFTWARE\DATASTRUCTURESLEARNINGSOFTWARE\DEBUG\STDAFX.OBJ
D:\GITHUB\DATA-STRUCTURES-LEARNING-SOFTWARE\DATASTRUCTURESLEARNINGSOFTWARE\DATASTRUCTURESLEARNINGSOFTWARE\DEBUG\UI_CIRCULAR_QUEUE.OBJ
D:\GITHUB\DATA-STRUCTURES-LEARNING-SOFTWARE\DATASTRUCTURESLEARNINGSOFTWARE\DATASTRUCTURESLEARNINGSOFTWARE\DEBUG\UI_CIRCULAR_QUEUE_ANIMATION.OBJ
D:\GITHUB\DATA-STRUCTURES-LEARNING-SOFTWARE\DATASTRUCTURESLEARNINGSOFTWARE\DATASTRUCTURESLEARNINGSOFTWARE\DEBUG\UI_CIRCULAR_QUEUE_ARRAY.OBJ
D:\GITHUB\DATA-STRUCTURES-LEARNING-SOFTWARE\DATASTRUCTURESLEARNINGSOFTWARE\DATASTRUCTURESLEARNINGSOFTWARE\DEBUG\UI_CIRCULAR_QUEUE_LL.OBJ
D:\GITHUB\DATA-STRUCTURES-LEARNING-SOFTWARE\DATASTRUCTURESLEARNINGSOFTWARE\DATASTRUCTURESLEARNINGSOFTWARE\DEBUG\UI_LINEAR_QUEUE.OBJ
D:\GITHUB\DATA-STRUCTURES-LEARNING-SOFTWARE\DATASTRUCTURESLEARNINGSOFTWARE\DATASTRUCTURESLEARNINGSOFTWARE\DEBUG\UI_LINEAR_QUEUE_ANIMATION.OBJ
D:\GITHUB\DATA-STRUCTURES-LEARNING-SOFTWARE\DATASTRUCTURESLEARNINGSOFTWARE\DATASTRUCTURESLEARNINGSOFTWARE\DEBUG\UI_LINEAR_QUEUE_ARRAY.OBJ
D:\GITHUB\DATA-STRUCTURES-LEARNING-SOFTWARE\DATASTRUCTURESLEARNINGSOFTWARE\DATASTRUCTURESLEARNINGSOFTWARE\DEBUG\UI_LINEAR_QUEUE_LL.OBJ
D:\GITHUB\DATA-STRUCTURES-LEARNING-SOFTWARE\DATASTRUCTURESLEARNINGSOFTWARE\DATASTRUCTURESLEARNINGSOFTWARE\DEBUG\UI_QUEUE_APP.OBJ
D:\GITHUB\DATA-STRUCTURES-LEARNING-SOFTWARE\DATASTRUCTURESLEARNINGSOFTWARE\DATASTRUCTURESLEARNINGSOFTWARE\DEBUG\UI_QUEUE_INTRODUCTION.OBJ
D:\GITHUB\DATA-STRUCTURES-LEARNING-SOFTWARE\DATASTRUCTURESLEARNINGSOFTWARE\DATASTRUCTURESLEARNINGSOFTWARE\DEBUG\UI_QUEUE_QUIZ.OBJ
D:\GITHUB\DATA-STRUCTURES-LEARNING-SOFTWARE\DATASTRUCTURESLEARNINGSOFTWARE\DATASTRUCTURESLEARNINGSOFTWARE\DEBUG\VC100.PDB
D:\Github\Data-Structures-Learning-Software\DataStructuresLearningSoftware\Debug\DataStructuresLearningSoftware.ilk
D:\Github\Data-Structures-Learning-Software\DataStructuresLearningSoftware\Debug\DataStructuresLearningSoftware.pdb
