Build started 28-Mar-19 11:41:54 PM.
     1>Project "C:\Users\Lenovo\Documents\Visual C++ Videos Project\Videos_Tutorials\trees\trees.vcxproj" on node 2 (build target(s)).
     1>InitializeBuildStatus:
         Creating "Debug\trees.unsuccessfulbuild" because "AlwaysCreate" was specified.
       GenerateTargetFrameworkMonikerAttribute:
       Skipping target "GenerateTargetFrameworkMonikerAttribute" because all output files are up-to-date with respect to the input files.
       ClCompile:
         All outputs are up-to-date.
         C:\Program Files (x86)\Microsoft Visual Studio 10.0\VC\bin\CL.exe /c /AI"C:\Program Files (x86)\Reference Assemblies\Microsoft\Framework\.NETFramework\v4.0" /Zi /clr:pure /nologo /W3 /WX- /Od /Oy- /D WIN32 /D _DEBUG /D _UNICODE /D UNICODE /EHa /MDd /GS /fp:precise /Zc:wchar_t /Zc:forScope /Yu"StdAfx.h" /Fp"Debug\trees.pch" /Fo"Debug\\" /Fd"Debug\vc100.pdb" /TP /FU"C:\Program Files (x86)\Reference Assemblies\Microsoft\Framework\.NETFramework\v4.0\Microsoft.VisualBasic.dll" /FU"C:\Program Files (x86)\Reference Assemblies\Microsoft\VBPowerPacks\v10.0\Microsoft.VisualBasic.PowerPacks.Vs.dll" /FU"C:\Program Files (x86)\Reference Assemblies\Microsoft\Framework\.NETFramework\v4.0\System.Core.dll" /FU"C:\Program Files (x86)\Reference Assemblies\Microsoft\Framework\.NETFramework\v4.0\System.Data.dll" /FU"C:\Program Files (x86)\Reference Assemblies\Microsoft\Framework\.NETFramework\v4.0\System.dll" /FU"C:\Program Files (x86)\Reference Assemblies\Microsoft\Framework\.NETFramework\v4.0\System.Drawing.dll" /FU"C:\Program Files (x86)\Reference Assemblies\Microsoft\Framework\.NETFramework\v4.0\System.Windows.Forms.dll" /FU"C:\Program Files (x86)\Reference Assemblies\Microsoft\Framework\.NETFramework\v4.0\System.Xml.dll" /analyze- /errorReport:prompt BST_insertion.cpp BST_intro.cpp trees.cpp /clr:nostdlib 
         BST_insertion.cpp
         BST_intro.cpp
         trees.cpp
         Generating Code...
         All outputs are up-to-date.
       CoreResGen:
         No resources are out of date with respect to their source files. Skipping resource generation.
       ResourceCompile:
         All outputs are up-to-date.
       Link:
         C:\Program Files (x86)\Microsoft Visual Studio 10.0\VC\bin\link.exe /ERRORREPORT:PROMPT /OUT:"C:\Users\Lenovo\Documents\Visual C++ Videos Project\Videos_Tutorials\Debug\trees.exe" /INCREMENTAL /NOLOGO /ASSEMBLYRESOURCE:Debug\trees.BST.resources /ASSEMBLYRESOURCE:Debug\trees.BST_deletion.resources /ASSEMBLYRESOURCE:Debug\trees.BST_insertion.resources /ASSEMBLYRESOURCE:Debug\trees.BST_intro.resources /ASSEMBLYRESOURCE:Debug\trees.BST_introduction.resources /ASSEMBLYRESOURCE:Debug\trees.BST_search.resources /MANIFEST /ManifestFile:"Debug\trees.exe.intermediate.manifest" /MANIFESTUAC:"level='asInvoker' uiAccess='false'" /DEBUG /PDB:"C:\Users\Lenovo\Documents\Visual C++ Videos Project\Videos_Tutorials\Debug\trees.pdb" /ASSEMBLYDEBUG /SUBSYSTEM:WINDOWS /TLBID:1 /ENTRY:"main" /DYNAMICBASE /FIXED:NO /NXCOMPAT /MACHINE:X86 Debug\app.res
         Debug\AssemblyInfo.obj
         Debug\BST_deletion.obj
         Debug\BST_insertion.obj
         Debug\BST_intro.obj
         Debug\BST_introduction.obj
         Debug\BST_search.obj
         Debug\stdafx.obj
         Debug\trees.obj
         "Debug\.NETFramework,Version=v4.0.AssemblyAttributes.obj"
         trees.vcxproj -> C:\Users\Lenovo\Documents\Visual C++ Videos Project\Videos_Tutorials\Debug\trees.exe
       Manifest:
         C:\Program Files (x86)\Microsoft SDKs\Windows\v7.0A\bin\mt.exe /nologo /verbose /outputresource:"C:\Users\Lenovo\Documents\Visual C++ Videos Project\Videos_Tutorials\Debug\trees.exe;#1" /manifest Debug\trees.exe.intermediate.manifest
       FinalizeBuildStatus:
         Deleting file "Debug\trees.unsuccessfulbuild".
         Touching "Debug\trees.lastbuildstate".
     1>Done Building Project "C:\Users\Lenovo\Documents\Visual C++ Videos Project\Videos_Tutorials\trees\trees.vcxproj" (build target(s)).

Build succeeded.

Time Elapsed 00:00:01.63
