C:\USERS\SIDDHARTH\DESKTOP\DATA-STRUCTURES-LEARNING-SOFTWARE\DEBUG\LOGIN_HOMEPAGE.EXE
C:\USERS\SIDDHARTH\DESKTOP\DATA-STRUCTURES-LEARNING-SOFTWARE\DEBUG\LOGIN_HOMEPAGE.ILK
C:\USERS\SIDDHARTH\DESKTOP\DATA-STRUCTURES-LEARNING-SOFTWARE\DEBUG\LOGIN_HOMEPAGE.PDB
C:\USERS\SIDDHARTH\DESKTOP\DATA-STRUCTURES-LEARNING-SOFTWARE\LOGIN_HOMEPAGE\DEBUG\.NETFRAMEWORK,VERSION=V4.0.ASSEMBLYATTRIBUTES.OBJ
C:\USERS\SIDDHARTH\DESKTOP\DATA-STRUCTURES-LEARNING-SOFTWARE\LOGIN_HOMEPAGE\DEBUG\APP.RES
C:\USERS\SIDDHARTH\DESKTOP\DATA-STRUCTURES-LEARNING-SOFTWARE\LOGIN_HOMEPAGE\DEBUG\ASSEMBLYINFO.OBJ
C:\Users\Siddharth\Desktop\Data-Structures-Learning-Software\Login_HomePage\Debug\cl.command.1.tlog
C:\Users\Siddharth\Desktop\Data-Structures-Learning-Software\Login_HomePage\Debug\CL.read.1.tlog
C:\Users\Siddharth\Desktop\Data-Structures-Learning-Software\Login_HomePage\Debug\CL.write.1.tlog
C:\USERS\SIDDHARTH\DESKTOP\DATA-STRUCTURES-LEARNING-SOFTWARE\LOGIN_HOMEPAGE\DEBUG\HOMEPAGE.OBJ
C:\USERS\SIDDHARTH\DESKTOP\DATA-STRUCTURES-LEARNING-SOFTWARE\LOGIN_HOMEPAGE\DEBUG\HOMPAGE.OBJ
C:\Users\Siddharth\Desktop\Data-Structures-Learning-Software\Login_HomePage\Debug\link.10288.read.1.tlog
C:\Users\Siddharth\Desktop\Data-Structures-Learning-Software\Login_HomePage\Debug\link.10288.write.1.tlog
C:\Users\Siddharth\Desktop\Data-Structures-Learning-Software\Login_HomePage\Debug\link.10288-cvtres.read.1.tlog
C:\Users\Siddharth\Desktop\Data-Structures-Learning-Software\Login_HomePage\Debug\link.10288-cvtres.write.1.tlog
C:\Users\Siddharth\Desktop\Data-Structures-Learning-Software\Login_HomePage\Debug\link.10292.read.1.tlog
C:\Users\Siddharth\Desktop\Data-Structures-Learning-Software\Login_HomePage\Debug\link.10292.write.1.tlog
C:\Users\Siddharth\Desktop\Data-Structures-Learning-Software\Login_HomePage\Debug\link.10292-cvtres.read.1.tlog
C:\Users\Siddharth\Desktop\Data-Structures-Learning-Software\Login_HomePage\Debug\link.10292-cvtres.write.1.tlog
C:\Users\Siddharth\Desktop\Data-Structures-Learning-Software\Login_HomePage\Debug\link.10300.read.1.tlog
C:\Users\Siddharth\Desktop\Data-Structures-Learning-Software\Login_HomePage\Debug\link.10300.write.1.tlog
C:\Users\Siddharth\Desktop\Data-Structures-Learning-Software\Login_HomePage\Debug\link.10300-cvtres.read.1.tlog
C:\Users\Siddharth\Desktop\Data-Structures-Learning-Software\Login_HomePage\Debug\link.10300-cvtres.write.1.tlog
C:\Users\Siddharth\Desktop\Data-Structures-Learning-Software\Login_HomePage\Debug\link.10444.read.1.tlog
C:\Users\Siddharth\Desktop\Data-Structures-Learning-Software\Login_HomePage\Debug\link.10444.write.1.tlog
C:\Users\Siddharth\Desktop\Data-Structures-Learning-Software\Login_HomePage\Debug\link.10444-cvtres.read.1.tlog
C:\Users\Siddharth\Desktop\Data-Structures-Learning-Software\Login_HomePage\Debug\link.10444-cvtres.write.1.tlog
C:\Users\Siddharth\Desktop\Data-Structures-Learning-Software\Login_HomePage\Debug\link.10524.read.1.tlog
C:\Users\Siddharth\Desktop\Data-Structures-Learning-Software\Login_HomePage\Debug\link.10524.write.1.tlog
C:\Users\Siddharth\Desktop\Data-Structures-Learning-Software\Login_HomePage\Debug\link.10524-cvtres.read.1.tlog
C:\Users\Siddharth\Desktop\Data-Structures-Learning-Software\Login_HomePage\Debug\link.10524-cvtres.write.1.tlog
C:\Users\Siddharth\Desktop\Data-Structures-Learning-Software\Login_HomePage\Debug\link.10560.read.1.tlog
C:\Users\Siddharth\Desktop\Data-Structures-Learning-Software\Login_HomePage\Debug\link.10560.write.1.tlog
C:\Users\Siddharth\Desktop\Data-Structures-Learning-Software\Login_HomePage\Debug\link.10560-cvtres.read.1.tlog
C:\Users\Siddharth\Desktop\Data-Structures-Learning-Software\Login_HomePage\Debug\link.10560-cvtres.write.1.tlog
C:\Users\Siddharth\Desktop\Data-Structures-Learning-Software\Login_HomePage\Debug\link.1076.read.1.tlog
C:\Users\Siddharth\Desktop\Data-Structures-Learning-Software\Login_HomePage\Debug\link.1076.write.1.tlog
C:\Users\Siddharth\Desktop\Data-Structures-Learning-Software\Login_HomePage\Debug\link.1076-cvtres.read.1.tlog
C:\Users\Siddharth\Desktop\Data-Structures-Learning-Software\Login_HomePage\Debug\link.1076-cvtres.write.1.tlog
C:\Users\Siddharth\Desktop\Data-Structures-Learning-Software\Login_HomePage\Debug\link.10772.read.1.tlog
C:\Users\Siddharth\Desktop\Data-Structures-Learning-Software\Login_HomePage\Debug\link.10772.write.1.tlog
C:\Users\Siddharth\Desktop\Data-Structures-Learning-Software\Login_HomePage\Debug\link.10772-cvtres.read.1.tlog
C:\Users\Siddharth\Desktop\Data-Structures-Learning-Software\Login_HomePage\Debug\link.10772-cvtres.write.1.tlog
C:\Users\Siddharth\Desktop\Data-Structures-Learning-Software\Login_HomePage\Debug\link.10832.read.1.tlog
C:\Users\Siddharth\Desktop\Data-Structures-Learning-Software\Login_HomePage\Debug\link.10832.write.1.tlog
C:\Users\Siddharth\Desktop\Data-Structures-Learning-Software\Login_HomePage\Debug\link.10832-cvtres.read.1.tlog
C:\Users\Siddharth\Desktop\Data-Structures-Learning-Software\Login_HomePage\Debug\link.10832-cvtres.write.1.tlog
C:\Users\Siddharth\Desktop\Data-Structures-Learning-Software\Login_HomePage\Debug\link.10884.read.1.tlog
C:\Users\Siddharth\Desktop\Data-Structures-Learning-Software\Login_HomePage\Debug\link.10884.write.1.tlog
C:\Users\Siddharth\Desktop\Data-Structures-Learning-Software\Login_HomePage\Debug\link.10884-cvtres.read.1.tlog
C:\Users\Siddharth\Desktop\Data-Structures-Learning-Software\Login_HomePage\Debug\link.10884-cvtres.write.1.tlog
C:\Users\Siddharth\Desktop\Data-Structures-Learning-Software\Login_HomePage\Debug\link.11088.read.1.tlog
C:\Users\Siddharth\Desktop\Data-Structures-Learning-Software\Login_HomePage\Debug\link.11088.write.1.tlog
C:\Users\Siddharth\Desktop\Data-Structures-Learning-Software\Login_HomePage\Debug\link.11088-cvtres.read.1.tlog
C:\Users\Siddharth\Desktop\Data-Structures-Learning-Software\Login_HomePage\Debug\link.11088-cvtres.write.1.tlog
C:\Users\Siddharth\Desktop\Data-Structures-Learning-Software\Login_HomePage\Debug\link.11412.read.1.tlog
C:\Users\Siddharth\Desktop\Data-Structures-Learning-Software\Login_HomePage\Debug\link.11412.write.1.tlog
C:\Users\Siddharth\Desktop\Data-Structures-Learning-Software\Login_HomePage\Debug\link.11412-cvtres.read.1.tlog
C:\Users\Siddharth\Desktop\Data-Structures-Learning-Software\Login_HomePage\Debug\link.11412-cvtres.write.1.tlog
C:\Users\Siddharth\Desktop\Data-Structures-Learning-Software\Login_HomePage\Debug\link.11592.read.1.tlog
C:\Users\Siddharth\Desktop\Data-Structures-Learning-Software\Login_HomePage\Debug\link.11592.write.1.tlog
C:\Users\Siddharth\Desktop\Data-Structures-Learning-Software\Login_HomePage\Debug\link.11592-cvtres.read.1.tlog
C:\Users\Siddharth\Desktop\Data-Structures-Learning-Software\Login_HomePage\Debug\link.11592-cvtres.write.1.tlog
C:\Users\Siddharth\Desktop\Data-Structures-Learning-Software\Login_HomePage\Debug\link.11780.read.1.tlog
C:\Users\Siddharth\Desktop\Data-Structures-Learning-Software\Login_HomePage\Debug\link.11780.write.1.tlog
C:\Users\Siddharth\Desktop\Data-Structures-Learning-Software\Login_HomePage\Debug\link.11780-cvtres.read.1.tlog
C:\Users\Siddharth\Desktop\Data-Structures-Learning-Software\Login_HomePage\Debug\link.11780-cvtres.write.1.tlog
C:\Users\Siddharth\Desktop\Data-Structures-Learning-Software\Login_HomePage\Debug\link.12352.read.1.tlog
C:\Users\Siddharth\Desktop\Data-Structures-Learning-Software\Login_HomePage\Debug\link.12352.write.1.tlog
C:\Users\Siddharth\Desktop\Data-Structures-Learning-Software\Login_HomePage\Debug\link.12352-cvtres.read.1.tlog
C:\Users\Siddharth\Desktop\Data-Structures-Learning-Software\Login_HomePage\Debug\link.12352-cvtres.write.1.tlog
C:\Users\Siddharth\Desktop\Data-Structures-Learning-Software\Login_HomePage\Debug\link.12380.read.1.tlog
C:\Users\Siddharth\Desktop\Data-Structures-Learning-Software\Login_HomePage\Debug\link.12380.write.1.tlog
C:\Users\Siddharth\Desktop\Data-Structures-Learning-Software\Login_HomePage\Debug\link.12380-cvtres.read.1.tlog
C:\Users\Siddharth\Desktop\Data-Structures-Learning-Software\Login_HomePage\Debug\link.12380-cvtres.write.1.tlog
C:\Users\Siddharth\Desktop\Data-Structures-Learning-Software\Login_HomePage\Debug\link.12652.read.1.tlog
C:\Users\Siddharth\Desktop\Data-Structures-Learning-Software\Login_HomePage\Debug\link.12652.write.1.tlog
C:\Users\Siddharth\Desktop\Data-Structures-Learning-Software\Login_HomePage\Debug\link.12652-cvtres.read.1.tlog
C:\Users\Siddharth\Desktop\Data-Structures-Learning-Software\Login_HomePage\Debug\link.12652-cvtres.write.1.tlog
C:\Users\Siddharth\Desktop\Data-Structures-Learning-Software\Login_HomePage\Debug\link.12656.read.1.tlog
C:\Users\Siddharth\Desktop\Data-Structures-Learning-Software\Login_HomePage\Debug\link.12656.write.1.tlog
C:\Users\Siddharth\Desktop\Data-Structures-Learning-Software\Login_HomePage\Debug\link.12656-cvtres.read.1.tlog
C:\Users\Siddharth\Desktop\Data-Structures-Learning-Software\Login_HomePage\Debug\link.12656-cvtres.write.1.tlog
C:\Users\Siddharth\Desktop\Data-Structures-Learning-Software\Login_HomePage\Debug\link.12820.read.1.tlog
C:\Users\Siddharth\Desktop\Data-Structures-Learning-Software\Login_HomePage\Debug\link.12820.write.1.tlog
C:\Users\Siddharth\Desktop\Data-Structures-Learning-Software\Login_HomePage\Debug\link.12820-cvtres.read.1.tlog
C:\Users\Siddharth\Desktop\Data-Structures-Learning-Software\Login_HomePage\Debug\link.12820-cvtres.write.1.tlog
C:\Users\Siddharth\Desktop\Data-Structures-Learning-Software\Login_HomePage\Debug\link.12920.read.1.tlog
C:\Users\Siddharth\Desktop\Data-Structures-Learning-Software\Login_HomePage\Debug\link.12920.write.1.tlog
C:\Users\Siddharth\Desktop\Data-Structures-Learning-Software\Login_HomePage\Debug\link.12920-cvtres.read.1.tlog
C:\Users\Siddharth\Desktop\Data-Structures-Learning-Software\Login_HomePage\Debug\link.12920-cvtres.write.1.tlog
C:\Users\Siddharth\Desktop\Data-Structures-Learning-Software\Login_HomePage\Debug\link.13000.read.1.tlog
C:\Users\Siddharth\Desktop\Data-Structures-Learning-Software\Login_HomePage\Debug\link.13000.write.1.tlog
C:\Users\Siddharth\Desktop\Data-Structures-Learning-Software\Login_HomePage\Debug\link.13000-cvtres.read.1.tlog
C:\Users\Siddharth\Desktop\Data-Structures-Learning-Software\Login_HomePage\Debug\link.13000-cvtres.write.1.tlog
C:\Users\Siddharth\Desktop\Data-Structures-Learning-Software\Login_HomePage\Debug\link.13100.read.1.tlog
C:\Users\Siddharth\Desktop\Data-Structures-Learning-Software\Login_HomePage\Debug\link.13100.write.1.tlog
C:\Users\Siddharth\Desktop\Data-Structures-Learning-Software\Login_HomePage\Debug\link.13100-cvtres.read.1.tlog
C:\Users\Siddharth\Desktop\Data-Structures-Learning-Software\Login_HomePage\Debug\link.13100-cvtres.write.1.tlog
C:\Users\Siddharth\Desktop\Data-Structures-Learning-Software\Login_HomePage\Debug\link.13108.read.1.tlog
C:\Users\Siddharth\Desktop\Data-Structures-Learning-Software\Login_HomePage\Debug\link.13108.write.1.tlog
C:\Users\Siddharth\Desktop\Data-Structures-Learning-Software\Login_HomePage\Debug\link.13108-cvtres.read.1.tlog
C:\Users\Siddharth\Desktop\Data-Structures-Learning-Software\Login_HomePage\Debug\link.13108-cvtres.write.1.tlog
C:\Users\Siddharth\Desktop\Data-Structures-Learning-Software\Login_HomePage\Debug\link.13256.read.1.tlog
C:\Users\Siddharth\Desktop\Data-Structures-Learning-Software\Login_HomePage\Debug\link.13256.write.1.tlog
C:\Users\Siddharth\Desktop\Data-Structures-Learning-Software\Login_HomePage\Debug\link.13256-cvtres.read.1.tlog
C:\Users\Siddharth\Desktop\Data-Structures-Learning-Software\Login_HomePage\Debug\link.13256-cvtres.write.1.tlog
C:\Users\Siddharth\Desktop\Data-Structures-Learning-Software\Login_HomePage\Debug\link.13292.read.1.tlog
C:\Users\Siddharth\Desktop\Data-Structures-Learning-Software\Login_HomePage\Debug\link.13292.write.1.tlog
C:\Users\Siddharth\Desktop\Data-Structures-Learning-Software\Login_HomePage\Debug\link.13292-cvtres.read.1.tlog
C:\Users\Siddharth\Desktop\Data-Structures-Learning-Software\Login_HomePage\Debug\link.13292-cvtres.write.1.tlog
C:\Users\Siddharth\Desktop\Data-Structures-Learning-Software\Login_HomePage\Debug\link.13396.read.1.tlog
C:\Users\Siddharth\Desktop\Data-Structures-Learning-Software\Login_HomePage\Debug\link.13396.write.1.tlog
C:\Users\Siddharth\Desktop\Data-Structures-Learning-Software\Login_HomePage\Debug\link.13396-cvtres.read.1.tlog
C:\Users\Siddharth\Desktop\Data-Structures-Learning-Software\Login_HomePage\Debug\link.13396-cvtres.write.1.tlog
C:\Users\Siddharth\Desktop\Data-Structures-Learning-Software\Login_HomePage\Debug\link.13472.read.1.tlog
C:\Users\Siddharth\Desktop\Data-Structures-Learning-Software\Login_HomePage\Debug\link.13472.write.1.tlog
C:\Users\Siddharth\Desktop\Data-Structures-Learning-Software\Login_HomePage\Debug\link.13472-cvtres.read.1.tlog
C:\Users\Siddharth\Desktop\Data-Structures-Learning-Software\Login_HomePage\Debug\link.13472-cvtres.write.1.tlog
C:\Users\Siddharth\Desktop\Data-Structures-Learning-Software\Login_HomePage\Debug\link.13580.read.1.tlog
C:\Users\Siddharth\Desktop\Data-Structures-Learning-Software\Login_HomePage\Debug\link.13580.write.1.tlog
C:\Users\Siddharth\Desktop\Data-Structures-Learning-Software\Login_HomePage\Debug\link.13580-cvtres.read.1.tlog
C:\Users\Siddharth\Desktop\Data-Structures-Learning-Software\Login_HomePage\Debug\link.13580-cvtres.write.1.tlog
C:\Users\Siddharth\Desktop\Data-Structures-Learning-Software\Login_HomePage\Debug\link.13676.read.1.tlog
C:\Users\Siddharth\Desktop\Data-Structures-Learning-Software\Login_HomePage\Debug\link.13676.write.1.tlog
C:\Users\Siddharth\Desktop\Data-Structures-Learning-Software\Login_HomePage\Debug\link.13676-cvtres.read.1.tlog
C:\Users\Siddharth\Desktop\Data-Structures-Learning-Software\Login_HomePage\Debug\link.13676-cvtres.write.1.tlog
C:\Users\Siddharth\Desktop\Data-Structures-Learning-Software\Login_HomePage\Debug\link.1392.read.1.tlog
C:\Users\Siddharth\Desktop\Data-Structures-Learning-Software\Login_HomePage\Debug\link.1392.write.1.tlog
C:\Users\Siddharth\Desktop\Data-Structures-Learning-Software\Login_HomePage\Debug\link.1392-cvtres.read.1.tlog
C:\Users\Siddharth\Desktop\Data-Structures-Learning-Software\Login_HomePage\Debug\link.1392-cvtres.write.1.tlog
C:\Users\Siddharth\Desktop\Data-Structures-Learning-Software\Login_HomePage\Debug\link.13984.read.1.tlog
C:\Users\Siddharth\Desktop\Data-Structures-Learning-Software\Login_HomePage\Debug\link.13984.write.1.tlog
C:\Users\Siddharth\Desktop\Data-Structures-Learning-Software\Login_HomePage\Debug\link.13984-cvtres.read.1.tlog
C:\Users\Siddharth\Desktop\Data-Structures-Learning-Software\Login_HomePage\Debug\link.13984-cvtres.write.1.tlog
C:\Users\Siddharth\Desktop\Data-Structures-Learning-Software\Login_HomePage\Debug\link.14004.read.1.tlog
C:\Users\Siddharth\Desktop\Data-Structures-Learning-Software\Login_HomePage\Debug\link.14004.write.1.tlog
C:\Users\Siddharth\Desktop\Data-Structures-Learning-Software\Login_HomePage\Debug\link.14004-cvtres.read.1.tlog
C:\Users\Siddharth\Desktop\Data-Structures-Learning-Software\Login_HomePage\Debug\link.14004-cvtres.write.1.tlog
C:\Users\Siddharth\Desktop\Data-Structures-Learning-Software\Login_HomePage\Debug\link.14400.read.1.tlog
C:\Users\Siddharth\Desktop\Data-Structures-Learning-Software\Login_HomePage\Debug\link.14400.write.1.tlog
C:\Users\Siddharth\Desktop\Data-Structures-Learning-Software\Login_HomePage\Debug\link.14400-cvtres.read.1.tlog
C:\Users\Siddharth\Desktop\Data-Structures-Learning-Software\Login_HomePage\Debug\link.14400-cvtres.write.1.tlog
C:\Users\Siddharth\Desktop\Data-Structures-Learning-Software\Login_HomePage\Debug\link.1452.read.1.tlog
C:\Users\Siddharth\Desktop\Data-Structures-Learning-Software\Login_HomePage\Debug\link.1452.write.1.tlog
C:\Users\Siddharth\Desktop\Data-Structures-Learning-Software\Login_HomePage\Debug\link.1452-cvtres.read.1.tlog
C:\Users\Siddharth\Desktop\Data-Structures-Learning-Software\Login_HomePage\Debug\link.1452-cvtres.write.1.tlog
C:\Users\Siddharth\Desktop\Data-Structures-Learning-Software\Login_HomePage\Debug\link.14732.read.1.tlog
C:\Users\Siddharth\Desktop\Data-Structures-Learning-Software\Login_HomePage\Debug\link.14732.write.1.tlog
C:\Users\Siddharth\Desktop\Data-Structures-Learning-Software\Login_HomePage\Debug\link.14732-cvtres.read.1.tlog
C:\Users\Siddharth\Desktop\Data-Structures-Learning-Software\Login_HomePage\Debug\link.14732-cvtres.write.1.tlog
C:\Users\Siddharth\Desktop\Data-Structures-Learning-Software\Login_HomePage\Debug\link.14832.read.1.tlog
C:\Users\Siddharth\Desktop\Data-Structures-Learning-Software\Login_HomePage\Debug\link.14832.write.1.tlog
C:\Users\Siddharth\Desktop\Data-Structures-Learning-Software\Login_HomePage\Debug\link.14832-cvtres.read.1.tlog
C:\Users\Siddharth\Desktop\Data-Structures-Learning-Software\Login_HomePage\Debug\link.14832-cvtres.write.1.tlog
C:\Users\Siddharth\Desktop\Data-Structures-Learning-Software\Login_HomePage\Debug\link.14936.read.1.tlog
C:\Users\Siddharth\Desktop\Data-Structures-Learning-Software\Login_HomePage\Debug\link.14936.write.1.tlog
C:\Users\Siddharth\Desktop\Data-Structures-Learning-Software\Login_HomePage\Debug\link.14936-cvtres.read.1.tlog
C:\Users\Siddharth\Desktop\Data-Structures-Learning-Software\Login_HomePage\Debug\link.14936-cvtres.write.1.tlog
C:\Users\Siddharth\Desktop\Data-Structures-Learning-Software\Login_HomePage\Debug\link.15108.read.1.tlog
C:\Users\Siddharth\Desktop\Data-Structures-Learning-Software\Login_HomePage\Debug\link.15108.write.1.tlog
C:\Users\Siddharth\Desktop\Data-Structures-Learning-Software\Login_HomePage\Debug\link.15108-cvtres.read.1.tlog
C:\Users\Siddharth\Desktop\Data-Structures-Learning-Software\Login_HomePage\Debug\link.15108-cvtres.write.1.tlog
C:\Users\Siddharth\Desktop\Data-Structures-Learning-Software\Login_HomePage\Debug\link.15260.read.1.tlog
C:\Users\Siddharth\Desktop\Data-Structures-Learning-Software\Login_HomePage\Debug\link.15260.write.1.tlog
C:\Users\Siddharth\Desktop\Data-Structures-Learning-Software\Login_HomePage\Debug\link.15260-cvtres.read.1.tlog
C:\Users\Siddharth\Desktop\Data-Structures-Learning-Software\Login_HomePage\Debug\link.15260-cvtres.write.1.tlog
C:\Users\Siddharth\Desktop\Data-Structures-Learning-Software\Login_HomePage\Debug\link.1528.read.1.tlog
C:\Users\Siddharth\Desktop\Data-Structures-Learning-Software\Login_HomePage\Debug\link.1528.write.1.tlog
C:\Users\Siddharth\Desktop\Data-Structures-Learning-Software\Login_HomePage\Debug\link.1528-cvtres.read.1.tlog
C:\Users\Siddharth\Desktop\Data-Structures-Learning-Software\Login_HomePage\Debug\link.1528-cvtres.write.1.tlog
C:\Users\Siddharth\Desktop\Data-Structures-Learning-Software\Login_HomePage\Debug\link.15304.read.1.tlog
C:\Users\Siddharth\Desktop\Data-Structures-Learning-Software\Login_HomePage\Debug\link.15304.write.1.tlog
C:\Users\Siddharth\Desktop\Data-Structures-Learning-Software\Login_HomePage\Debug\link.15304-cvtres.read.1.tlog
C:\Users\Siddharth\Desktop\Data-Structures-Learning-Software\Login_HomePage\Debug\link.15304-cvtres.write.1.tlog
C:\Users\Siddharth\Desktop\Data-Structures-Learning-Software\Login_HomePage\Debug\link.15312.read.1.tlog
C:\Users\Siddharth\Desktop\Data-Structures-Learning-Software\Login_HomePage\Debug\link.15312.write.1.tlog
C:\Users\Siddharth\Desktop\Data-Structures-Learning-Software\Login_HomePage\Debug\link.15312-cvtres.read.1.tlog
C:\Users\Siddharth\Desktop\Data-Structures-Learning-Software\Login_HomePage\Debug\link.15312-cvtres.write.1.tlog
C:\Users\Siddharth\Desktop\Data-Structures-Learning-Software\Login_HomePage\Debug\link.15600.read.1.tlog
C:\Users\Siddharth\Desktop\Data-Structures-Learning-Software\Login_HomePage\Debug\link.15600.write.1.tlog
C:\Users\Siddharth\Desktop\Data-Structures-Learning-Software\Login_HomePage\Debug\link.15600-cvtres.read.1.tlog
C:\Users\Siddharth\Desktop\Data-Structures-Learning-Software\Login_HomePage\Debug\link.15600-cvtres.write.1.tlog
C:\Users\Siddharth\Desktop\Data-Structures-Learning-Software\Login_HomePage\Debug\link.15700.read.1.tlog
C:\Users\Siddharth\Desktop\Data-Structures-Learning-Software\Login_HomePage\Debug\link.15700.write.1.tlog
C:\Users\Siddharth\Desktop\Data-Structures-Learning-Software\Login_HomePage\Debug\link.15700-cvtres.read.1.tlog
C:\Users\Siddharth\Desktop\Data-Structures-Learning-Software\Login_HomePage\Debug\link.15700-cvtres.write.1.tlog
C:\Users\Siddharth\Desktop\Data-Structures-Learning-Software\Login_HomePage\Debug\link.15832.read.1.tlog
C:\Users\Siddharth\Desktop\Data-Structures-Learning-Software\Login_HomePage\Debug\link.15832.write.1.tlog
C:\Users\Siddharth\Desktop\Data-Structures-Learning-Software\Login_HomePage\Debug\link.15832-cvtres.read.1.tlog
C:\Users\Siddharth\Desktop\Data-Structures-Learning-Software\Login_HomePage\Debug\link.15832-cvtres.write.1.tlog
C:\Users\Siddharth\Desktop\Data-Structures-Learning-Software\Login_HomePage\Debug\link.15944.read.1.tlog
C:\Users\Siddharth\Desktop\Data-Structures-Learning-Software\Login_HomePage\Debug\link.15944.write.1.tlog
C:\Users\Siddharth\Desktop\Data-Structures-Learning-Software\Login_HomePage\Debug\link.15944-cvtres.read.1.tlog
C:\Users\Siddharth\Desktop\Data-Structures-Learning-Software\Login_HomePage\Debug\link.15944-cvtres.write.1.tlog
C:\Users\Siddharth\Desktop\Data-Structures-Learning-Software\Login_HomePage\Debug\link.16072.read.1.tlog
C:\Users\Siddharth\Desktop\Data-Structures-Learning-Software\Login_HomePage\Debug\link.16072.write.1.tlog
C:\Users\Siddharth\Desktop\Data-Structures-Learning-Software\Login_HomePage\Debug\link.16072-cvtres.read.1.tlog
C:\Users\Siddharth\Desktop\Data-Structures-Learning-Software\Login_HomePage\Debug\link.16072-cvtres.write.1.tlog
C:\Users\Siddharth\Desktop\Data-Structures-Learning-Software\Login_HomePage\Debug\link.16080.read.1.tlog
C:\Users\Siddharth\Desktop\Data-Structures-Learning-Software\Login_HomePage\Debug\link.16080.write.1.tlog
C:\Users\Siddharth\Desktop\Data-Structures-Learning-Software\Login_HomePage\Debug\link.16080-cvtres.read.1.tlog
C:\Users\Siddharth\Desktop\Data-Structures-Learning-Software\Login_HomePage\Debug\link.16080-cvtres.write.1.tlog
C:\Users\Siddharth\Desktop\Data-Structures-Learning-Software\Login_HomePage\Debug\link.16100.read.1.tlog
C:\Users\Siddharth\Desktop\Data-Structures-Learning-Software\Login_HomePage\Debug\link.16100.write.1.tlog
C:\Users\Siddharth\Desktop\Data-Structures-Learning-Software\Login_HomePage\Debug\link.16100-cvtres.read.1.tlog
C:\Users\Siddharth\Desktop\Data-Structures-Learning-Software\Login_HomePage\Debug\link.16100-cvtres.write.1.tlog
C:\Users\Siddharth\Desktop\Data-Structures-Learning-Software\Login_HomePage\Debug\link.16108.read.1.tlog
C:\Users\Siddharth\Desktop\Data-Structures-Learning-Software\Login_HomePage\Debug\link.16108.write.1.tlog
C:\Users\Siddharth\Desktop\Data-Structures-Learning-Software\Login_HomePage\Debug\link.16108-cvtres.read.1.tlog
C:\Users\Siddharth\Desktop\Data-Structures-Learning-Software\Login_HomePage\Debug\link.16108-cvtres.write.1.tlog
C:\Users\Siddharth\Desktop\Data-Structures-Learning-Software\Login_HomePage\Debug\link.16144.read.1.tlog
C:\Users\Siddharth\Desktop\Data-Structures-Learning-Software\Login_HomePage\Debug\link.16144.write.1.tlog
C:\Users\Siddharth\Desktop\Data-Structures-Learning-Software\Login_HomePage\Debug\link.16144-cvtres.read.1.tlog
C:\Users\Siddharth\Desktop\Data-Structures-Learning-Software\Login_HomePage\Debug\link.16144-cvtres.write.1.tlog
C:\Users\Siddharth\Desktop\Data-Structures-Learning-Software\Login_HomePage\Debug\link.16152.read.1.tlog
C:\Users\Siddharth\Desktop\Data-Structures-Learning-Software\Login_HomePage\Debug\link.16152.write.1.tlog
C:\Users\Siddharth\Desktop\Data-Structures-Learning-Software\Login_HomePage\Debug\link.16152-cvtres.read.1.tlog
C:\Users\Siddharth\Desktop\Data-Structures-Learning-Software\Login_HomePage\Debug\link.16152-cvtres.write.1.tlog
C:\Users\Siddharth\Desktop\Data-Structures-Learning-Software\Login_HomePage\Debug\link.16492.read.1.tlog
C:\Users\Siddharth\Desktop\Data-Structures-Learning-Software\Login_HomePage\Debug\link.16492.write.1.tlog
C:\Users\Siddharth\Desktop\Data-Structures-Learning-Software\Login_HomePage\Debug\link.16492-cvtres.read.1.tlog
C:\Users\Siddharth\Desktop\Data-Structures-Learning-Software\Login_HomePage\Debug\link.16492-cvtres.write.1.tlog
C:\Users\Siddharth\Desktop\Data-Structures-Learning-Software\Login_HomePage\Debug\link.16500.read.1.tlog
C:\Users\Siddharth\Desktop\Data-Structures-Learning-Software\Login_HomePage\Debug\link.16500.write.1.tlog
C:\Users\Siddharth\Desktop\Data-Structures-Learning-Software\Login_HomePage\Debug\link.16500-cvtres.read.1.tlog
C:\Users\Siddharth\Desktop\Data-Structures-Learning-Software\Login_HomePage\Debug\link.16500-cvtres.write.1.tlog
C:\Users\Siddharth\Desktop\Data-Structures-Learning-Software\Login_HomePage\Debug\link.16528.read.1.tlog
C:\Users\Siddharth\Desktop\Data-Structures-Learning-Software\Login_HomePage\Debug\link.16528.write.1.tlog
C:\Users\Siddharth\Desktop\Data-Structures-Learning-Software\Login_HomePage\Debug\link.16528-cvtres.read.1.tlog
C:\Users\Siddharth\Desktop\Data-Structures-Learning-Software\Login_HomePage\Debug\link.16528-cvtres.write.1.tlog
C:\Users\Siddharth\Desktop\Data-Structures-Learning-Software\Login_HomePage\Debug\link.16652.read.1.tlog
C:\Users\Siddharth\Desktop\Data-Structures-Learning-Software\Login_HomePage\Debug\link.16652.write.1.tlog
C:\Users\Siddharth\Desktop\Data-Structures-Learning-Software\Login_HomePage\Debug\link.16652-cvtres.read.1.tlog
C:\Users\Siddharth\Desktop\Data-Structures-Learning-Software\Login_HomePage\Debug\link.16652-cvtres.write.1.tlog
C:\Users\Siddharth\Desktop\Data-Structures-Learning-Software\Login_HomePage\Debug\link.16684.read.1.tlog
C:\Users\Siddharth\Desktop\Data-Structures-Learning-Software\Login_HomePage\Debug\link.16684.write.1.tlog
C:\Users\Siddharth\Desktop\Data-Structures-Learning-Software\Login_HomePage\Debug\link.16684-cvtres.read.1.tlog
C:\Users\Siddharth\Desktop\Data-Structures-Learning-Software\Login_HomePage\Debug\link.16684-cvtres.write.1.tlog
C:\Users\Siddharth\Desktop\Data-Structures-Learning-Software\Login_HomePage\Debug\link.16692.read.1.tlog
C:\Users\Siddharth\Desktop\Data-Structures-Learning-Software\Login_HomePage\Debug\link.16692.write.1.tlog
C:\Users\Siddharth\Desktop\Data-Structures-Learning-Software\Login_HomePage\Debug\link.16692-cvtres.read.1.tlog
C:\Users\Siddharth\Desktop\Data-Structures-Learning-Software\Login_HomePage\Debug\link.16692-cvtres.write.1.tlog
C:\Users\Siddharth\Desktop\Data-Structures-Learning-Software\Login_HomePage\Debug\link.1684.read.1.tlog
C:\Users\Siddharth\Desktop\Data-Structures-Learning-Software\Login_HomePage\Debug\link.1684.write.1.tlog
C:\Users\Siddharth\Desktop\Data-Structures-Learning-Software\Login_HomePage\Debug\link.1684-cvtres.read.1.tlog
C:\Users\Siddharth\Desktop\Data-Structures-Learning-Software\Login_HomePage\Debug\link.1684-cvtres.write.1.tlog
C:\Users\Siddharth\Desktop\Data-Structures-Learning-Software\Login_HomePage\Debug\link.17172.read.1.tlog
C:\Users\Siddharth\Desktop\Data-Structures-Learning-Software\Login_HomePage\Debug\link.17172.write.1.tlog
C:\Users\Siddharth\Desktop\Data-Structures-Learning-Software\Login_HomePage\Debug\link.17172-cvtres.read.1.tlog
C:\Users\Siddharth\Desktop\Data-Structures-Learning-Software\Login_HomePage\Debug\link.17172-cvtres.write.1.tlog
C:\Users\Siddharth\Desktop\Data-Structures-Learning-Software\Login_HomePage\Debug\link.17244.read.1.tlog
C:\Users\Siddharth\Desktop\Data-Structures-Learning-Software\Login_HomePage\Debug\link.17244.write.1.tlog
C:\Users\Siddharth\Desktop\Data-Structures-Learning-Software\Login_HomePage\Debug\link.17244-cvtres.read.1.tlog
C:\Users\Siddharth\Desktop\Data-Structures-Learning-Software\Login_HomePage\Debug\link.17244-cvtres.write.1.tlog
C:\Users\Siddharth\Desktop\Data-Structures-Learning-Software\Login_HomePage\Debug\link.17372.read.1.tlog
C:\Users\Siddharth\Desktop\Data-Structures-Learning-Software\Login_HomePage\Debug\link.17372.write.1.tlog
C:\Users\Siddharth\Desktop\Data-Structures-Learning-Software\Login_HomePage\Debug\link.17372-cvtres.read.1.tlog
C:\Users\Siddharth\Desktop\Data-Structures-Learning-Software\Login_HomePage\Debug\link.17372-cvtres.write.1.tlog
C:\Users\Siddharth\Desktop\Data-Structures-Learning-Software\Login_HomePage\Debug\link.1748.read.1.tlog
C:\Users\Siddharth\Desktop\Data-Structures-Learning-Software\Login_HomePage\Debug\link.1748.write.1.tlog
C:\Users\Siddharth\Desktop\Data-Structures-Learning-Software\Login_HomePage\Debug\link.1748-cvtres.read.1.tlog
C:\Users\Siddharth\Desktop\Data-Structures-Learning-Software\Login_HomePage\Debug\link.1748-cvtres.write.1.tlog
C:\Users\Siddharth\Desktop\Data-Structures-Learning-Software\Login_HomePage\Debug\link.17512.read.1.tlog
C:\Users\Siddharth\Desktop\Data-Structures-Learning-Software\Login_HomePage\Debug\link.17512.write.1.tlog
C:\Users\Siddharth\Desktop\Data-Structures-Learning-Software\Login_HomePage\Debug\link.17512-cvtres.read.1.tlog
C:\Users\Siddharth\Desktop\Data-Structures-Learning-Software\Login_HomePage\Debug\link.17512-cvtres.write.1.tlog
C:\Users\Siddharth\Desktop\Data-Structures-Learning-Software\Login_HomePage\Debug\link.17684.read.1.tlog
C:\Users\Siddharth\Desktop\Data-Structures-Learning-Software\Login_HomePage\Debug\link.17684.write.1.tlog
C:\Users\Siddharth\Desktop\Data-Structures-Learning-Software\Login_HomePage\Debug\link.17684-cvtres.read.1.tlog
C:\Users\Siddharth\Desktop\Data-Structures-Learning-Software\Login_HomePage\Debug\link.17684-cvtres.write.1.tlog
C:\Users\Siddharth\Desktop\Data-Structures-Learning-Software\Login_HomePage\Debug\link.17716.read.1.tlog
C:\Users\Siddharth\Desktop\Data-Structures-Learning-Software\Login_HomePage\Debug\link.17716.write.1.tlog
C:\Users\Siddharth\Desktop\Data-Structures-Learning-Software\Login_HomePage\Debug\link.17716-cvtres.read.1.tlog
C:\Users\Siddharth\Desktop\Data-Structures-Learning-Software\Login_HomePage\Debug\link.17716-cvtres.write.1.tlog
C:\Users\Siddharth\Desktop\Data-Structures-Learning-Software\Login_HomePage\Debug\link.18252.read.1.tlog
C:\Users\Siddharth\Desktop\Data-Structures-Learning-Software\Login_HomePage\Debug\link.18252.write.1.tlog
C:\Users\Siddharth\Desktop\Data-Structures-Learning-Software\Login_HomePage\Debug\link.18252-cvtres.read.1.tlog
C:\Users\Siddharth\Desktop\Data-Structures-Learning-Software\Login_HomePage\Debug\link.18252-cvtres.write.1.tlog
C:\Users\Siddharth\Desktop\Data-Structures-Learning-Software\Login_HomePage\Debug\link.18288.read.1.tlog
C:\Users\Siddharth\Desktop\Data-Structures-Learning-Software\Login_HomePage\Debug\link.18288.write.1.tlog
C:\Users\Siddharth\Desktop\Data-Structures-Learning-Software\Login_HomePage\Debug\link.18288-cvtres.read.1.tlog
C:\Users\Siddharth\Desktop\Data-Structures-Learning-Software\Login_HomePage\Debug\link.18288-cvtres.write.1.tlog
C:\Users\Siddharth\Desktop\Data-Structures-Learning-Software\Login_HomePage\Debug\link.188.read.1.tlog
C:\Users\Siddharth\Desktop\Data-Structures-Learning-Software\Login_HomePage\Debug\link.188.write.1.tlog
C:\Users\Siddharth\Desktop\Data-Structures-Learning-Software\Login_HomePage\Debug\link.188-cvtres.read.1.tlog
C:\Users\Siddharth\Desktop\Data-Structures-Learning-Software\Login_HomePage\Debug\link.188-cvtres.write.1.tlog
C:\Users\Siddharth\Desktop\Data-Structures-Learning-Software\Login_HomePage\Debug\link.2096.read.1.tlog
C:\Users\Siddharth\Desktop\Data-Structures-Learning-Software\Login_HomePage\Debug\link.2096.write.1.tlog
C:\Users\Siddharth\Desktop\Data-Structures-Learning-Software\Login_HomePage\Debug\link.2096-cvtres.read.1.tlog
C:\Users\Siddharth\Desktop\Data-Structures-Learning-Software\Login_HomePage\Debug\link.2096-cvtres.write.1.tlog
C:\Users\Siddharth\Desktop\Data-Structures-Learning-Software\Login_HomePage\Debug\link.2128.read.1.tlog
C:\Users\Siddharth\Desktop\Data-Structures-Learning-Software\Login_HomePage\Debug\link.2128.write.1.tlog
C:\Users\Siddharth\Desktop\Data-Structures-Learning-Software\Login_HomePage\Debug\link.2128-cvtres.read.1.tlog
C:\Users\Siddharth\Desktop\Data-Structures-Learning-Software\Login_HomePage\Debug\link.2128-cvtres.write.1.tlog
C:\Users\Siddharth\Desktop\Data-Structures-Learning-Software\Login_HomePage\Debug\link.2436.read.1.tlog
C:\Users\Siddharth\Desktop\Data-Structures-Learning-Software\Login_HomePage\Debug\link.2436.write.1.tlog
C:\Users\Siddharth\Desktop\Data-Structures-Learning-Software\Login_HomePage\Debug\link.2436-cvtres.read.1.tlog
C:\Users\Siddharth\Desktop\Data-Structures-Learning-Software\Login_HomePage\Debug\link.2436-cvtres.write.1.tlog
C:\Users\Siddharth\Desktop\Data-Structures-Learning-Software\Login_HomePage\Debug\link.2448.read.1.tlog
C:\Users\Siddharth\Desktop\Data-Structures-Learning-Software\Login_HomePage\Debug\link.2448.write.1.tlog
C:\Users\Siddharth\Desktop\Data-Structures-Learning-Software\Login_HomePage\Debug\link.2448-cvtres.read.1.tlog
C:\Users\Siddharth\Desktop\Data-Structures-Learning-Software\Login_HomePage\Debug\link.2448-cvtres.write.1.tlog
C:\Users\Siddharth\Desktop\Data-Structures-Learning-Software\Login_HomePage\Debug\link.2492.read.1.tlog
C:\Users\Siddharth\Desktop\Data-Structures-Learning-Software\Login_HomePage\Debug\link.2492.write.1.tlog
C:\Users\Siddharth\Desktop\Data-Structures-Learning-Software\Login_HomePage\Debug\link.2492-cvtres.read.1.tlog
C:\Users\Siddharth\Desktop\Data-Structures-Learning-Software\Login_HomePage\Debug\link.2492-cvtres.write.1.tlog
C:\Users\Siddharth\Desktop\Data-Structures-Learning-Software\Login_HomePage\Debug\link.3032.read.1.tlog
C:\Users\Siddharth\Desktop\Data-Structures-Learning-Software\Login_HomePage\Debug\link.3032.write.1.tlog
C:\Users\Siddharth\Desktop\Data-Structures-Learning-Software\Login_HomePage\Debug\link.3032-cvtres.read.1.tlog
C:\Users\Siddharth\Desktop\Data-Structures-Learning-Software\Login_HomePage\Debug\link.3032-cvtres.write.1.tlog
C:\Users\Siddharth\Desktop\Data-Structures-Learning-Software\Login_HomePage\Debug\link.3124.read.1.tlog
C:\Users\Siddharth\Desktop\Data-Structures-Learning-Software\Login_HomePage\Debug\link.3124.write.1.tlog
C:\Users\Siddharth\Desktop\Data-Structures-Learning-Software\Login_HomePage\Debug\link.3124-cvtres.read.1.tlog
C:\Users\Siddharth\Desktop\Data-Structures-Learning-Software\Login_HomePage\Debug\link.3124-cvtres.write.1.tlog
C:\Users\Siddharth\Desktop\Data-Structures-Learning-Software\Login_HomePage\Debug\link.3220.read.1.tlog
C:\Users\Siddharth\Desktop\Data-Structures-Learning-Software\Login_HomePage\Debug\link.3220.write.1.tlog
C:\Users\Siddharth\Desktop\Data-Structures-Learning-Software\Login_HomePage\Debug\link.3220-cvtres.read.1.tlog
C:\Users\Siddharth\Desktop\Data-Structures-Learning-Software\Login_HomePage\Debug\link.3220-cvtres.write.1.tlog
C:\Users\Siddharth\Desktop\Data-Structures-Learning-Software\Login_HomePage\Debug\link.344.read.1.tlog
C:\Users\Siddharth\Desktop\Data-Structures-Learning-Software\Login_HomePage\Debug\link.344.write.1.tlog
C:\Users\Siddharth\Desktop\Data-Structures-Learning-Software\Login_HomePage\Debug\link.344-cvtres.read.1.tlog
C:\Users\Siddharth\Desktop\Data-Structures-Learning-Software\Login_HomePage\Debug\link.344-cvtres.write.1.tlog
C:\Users\Siddharth\Desktop\Data-Structures-Learning-Software\Login_HomePage\Debug\link.3476.read.1.tlog
C:\Users\Siddharth\Desktop\Data-Structures-Learning-Software\Login_HomePage\Debug\link.3476.write.1.tlog
C:\Users\Siddharth\Desktop\Data-Structures-Learning-Software\Login_HomePage\Debug\link.3476-cvtres.read.1.tlog
C:\Users\Siddharth\Desktop\Data-Structures-Learning-Software\Login_HomePage\Debug\link.3476-cvtres.write.1.tlog
C:\Users\Siddharth\Desktop\Data-Structures-Learning-Software\Login_HomePage\Debug\link.404.read.1.tlog
C:\Users\Siddharth\Desktop\Data-Structures-Learning-Software\Login_HomePage\Debug\link.404.write.1.tlog
C:\Users\Siddharth\Desktop\Data-Structures-Learning-Software\Login_HomePage\Debug\link.404-cvtres.read.1.tlog
C:\Users\Siddharth\Desktop\Data-Structures-Learning-Software\Login_HomePage\Debug\link.404-cvtres.write.1.tlog
C:\Users\Siddharth\Desktop\Data-Structures-Learning-Software\Login_HomePage\Debug\link.4332.read.1.tlog
C:\Users\Siddharth\Desktop\Data-Structures-Learning-Software\Login_HomePage\Debug\link.4332.write.1.tlog
C:\Users\Siddharth\Desktop\Data-Structures-Learning-Software\Login_HomePage\Debug\link.4332-cvtres.read.1.tlog
C:\Users\Siddharth\Desktop\Data-Structures-Learning-Software\Login_HomePage\Debug\link.4332-cvtres.write.1.tlog
C:\Users\Siddharth\Desktop\Data-Structures-Learning-Software\Login_HomePage\Debug\link.4524.read.1.tlog
C:\Users\Siddharth\Desktop\Data-Structures-Learning-Software\Login_HomePage\Debug\link.4524.write.1.tlog
C:\Users\Siddharth\Desktop\Data-Structures-Learning-Software\Login_HomePage\Debug\link.4524-cvtres.read.1.tlog
C:\Users\Siddharth\Desktop\Data-Structures-Learning-Software\Login_HomePage\Debug\link.4524-cvtres.write.1.tlog
C:\Users\Siddharth\Desktop\Data-Structures-Learning-Software\Login_HomePage\Debug\link.4656.read.1.tlog
C:\Users\Siddharth\Desktop\Data-Structures-Learning-Software\Login_HomePage\Debug\link.4656.write.1.tlog
C:\Users\Siddharth\Desktop\Data-Structures-Learning-Software\Login_HomePage\Debug\link.4656-cvtres.read.1.tlog
C:\Users\Siddharth\Desktop\Data-Structures-Learning-Software\Login_HomePage\Debug\link.4656-cvtres.write.1.tlog
C:\Users\Siddharth\Desktop\Data-Structures-Learning-Software\Login_HomePage\Debug\link.4668.read.1.tlog
C:\Users\Siddharth\Desktop\Data-Structures-Learning-Software\Login_HomePage\Debug\link.4668.write.1.tlog
C:\Users\Siddharth\Desktop\Data-Structures-Learning-Software\Login_HomePage\Debug\link.4668-cvtres.read.1.tlog
C:\Users\Siddharth\Desktop\Data-Structures-Learning-Software\Login_HomePage\Debug\link.4668-cvtres.write.1.tlog
C:\Users\Siddharth\Desktop\Data-Structures-Learning-Software\Login_HomePage\Debug\link.4700.read.1.tlog
C:\Users\Siddharth\Desktop\Data-Structures-Learning-Software\Login_HomePage\Debug\link.4700.write.1.tlog
C:\Users\Siddharth\Desktop\Data-Structures-Learning-Software\Login_HomePage\Debug\link.4700-cvtres.read.1.tlog
C:\Users\Siddharth\Desktop\Data-Structures-Learning-Software\Login_HomePage\Debug\link.4700-cvtres.write.1.tlog
C:\Users\Siddharth\Desktop\Data-Structures-Learning-Software\Login_HomePage\Debug\link.4904.read.1.tlog
C:\Users\Siddharth\Desktop\Data-Structures-Learning-Software\Login_HomePage\Debug\link.4904.write.1.tlog
C:\Users\Siddharth\Desktop\Data-Structures-Learning-Software\Login_HomePage\Debug\link.4904-cvtres.read.1.tlog
C:\Users\Siddharth\Desktop\Data-Structures-Learning-Software\Login_HomePage\Debug\link.4904-cvtres.write.1.tlog
C:\Users\Siddharth\Desktop\Data-Structures-Learning-Software\Login_HomePage\Debug\link.5064.read.1.tlog
C:\Users\Siddharth\Desktop\Data-Structures-Learning-Software\Login_HomePage\Debug\link.5064.write.1.tlog
C:\Users\Siddharth\Desktop\Data-Structures-Learning-Software\Login_HomePage\Debug\link.5064-cvtres.read.1.tlog
C:\Users\Siddharth\Desktop\Data-Structures-Learning-Software\Login_HomePage\Debug\link.5064-cvtres.write.1.tlog
C:\Users\Siddharth\Desktop\Data-Structures-Learning-Software\Login_HomePage\Debug\link.5412.read.1.tlog
C:\Users\Siddharth\Desktop\Data-Structures-Learning-Software\Login_HomePage\Debug\link.5412.write.1.tlog
C:\Users\Siddharth\Desktop\Data-Structures-Learning-Software\Login_HomePage\Debug\link.5412-cvtres.read.1.tlog
C:\Users\Siddharth\Desktop\Data-Structures-Learning-Software\Login_HomePage\Debug\link.5412-cvtres.write.1.tlog
C:\Users\Siddharth\Desktop\Data-Structures-Learning-Software\Login_HomePage\Debug\link.5436.read.1.tlog
C:\Users\Siddharth\Desktop\Data-Structures-Learning-Software\Login_HomePage\Debug\link.5436.write.1.tlog
C:\Users\Siddharth\Desktop\Data-Structures-Learning-Software\Login_HomePage\Debug\link.5436-cvtres.read.1.tlog
C:\Users\Siddharth\Desktop\Data-Structures-Learning-Software\Login_HomePage\Debug\link.5436-cvtres.write.1.tlog
C:\Users\Siddharth\Desktop\Data-Structures-Learning-Software\Login_HomePage\Debug\link.5628.read.1.tlog
C:\Users\Siddharth\Desktop\Data-Structures-Learning-Software\Login_HomePage\Debug\link.5628.write.1.tlog
C:\Users\Siddharth\Desktop\Data-Structures-Learning-Software\Login_HomePage\Debug\link.5628-cvtres.read.1.tlog
C:\Users\Siddharth\Desktop\Data-Structures-Learning-Software\Login_HomePage\Debug\link.5628-cvtres.write.1.tlog
C:\Users\Siddharth\Desktop\Data-Structures-Learning-Software\Login_HomePage\Debug\link.5684.read.1.tlog
C:\Users\Siddharth\Desktop\Data-Structures-Learning-Software\Login_HomePage\Debug\link.5684.write.1.tlog
C:\Users\Siddharth\Desktop\Data-Structures-Learning-Software\Login_HomePage\Debug\link.5684-cvtres.read.1.tlog
C:\Users\Siddharth\Desktop\Data-Structures-Learning-Software\Login_HomePage\Debug\link.5684-cvtres.write.1.tlog
C:\Users\Siddharth\Desktop\Data-Structures-Learning-Software\Login_HomePage\Debug\link.5836.read.1.tlog
C:\Users\Siddharth\Desktop\Data-Structures-Learning-Software\Login_HomePage\Debug\link.5836.write.1.tlog
C:\Users\Siddharth\Desktop\Data-Structures-Learning-Software\Login_HomePage\Debug\link.5836-cvtres.read.1.tlog
C:\Users\Siddharth\Desktop\Data-Structures-Learning-Software\Login_HomePage\Debug\link.5836-cvtres.write.1.tlog
C:\Users\Siddharth\Desktop\Data-Structures-Learning-Software\Login_HomePage\Debug\link.584.read.1.tlog
C:\Users\Siddharth\Desktop\Data-Structures-Learning-Software\Login_HomePage\Debug\link.584.write.1.tlog
C:\Users\Siddharth\Desktop\Data-Structures-Learning-Software\Login_HomePage\Debug\link.584-cvtres.read.1.tlog
C:\Users\Siddharth\Desktop\Data-Structures-Learning-Software\Login_HomePage\Debug\link.584-cvtres.write.1.tlog
C:\Users\Siddharth\Desktop\Data-Structures-Learning-Software\Login_HomePage\Debug\link.5992.read.1.tlog
C:\Users\Siddharth\Desktop\Data-Structures-Learning-Software\Login_HomePage\Debug\link.5992.write.1.tlog
C:\Users\Siddharth\Desktop\Data-Structures-Learning-Software\Login_HomePage\Debug\link.5992-cvtres.read.1.tlog
C:\Users\Siddharth\Desktop\Data-Structures-Learning-Software\Login_HomePage\Debug\link.5992-cvtres.write.1.tlog
C:\Users\Siddharth\Desktop\Data-Structures-Learning-Software\Login_HomePage\Debug\link.6236.read.1.tlog
C:\Users\Siddharth\Desktop\Data-Structures-Learning-Software\Login_HomePage\Debug\link.6236.write.1.tlog
C:\Users\Siddharth\Desktop\Data-Structures-Learning-Software\Login_HomePage\Debug\link.6236-cvtres.read.1.tlog
C:\Users\Siddharth\Desktop\Data-Structures-Learning-Software\Login_HomePage\Debug\link.6236-cvtres.write.1.tlog
C:\Users\Siddharth\Desktop\Data-Structures-Learning-Software\Login_HomePage\Debug\link.6384.read.1.tlog
C:\Users\Siddharth\Desktop\Data-Structures-Learning-Software\Login_HomePage\Debug\link.6384.write.1.tlog
C:\Users\Siddharth\Desktop\Data-Structures-Learning-Software\Login_HomePage\Debug\link.6384-cvtres.read.1.tlog
C:\Users\Siddharth\Desktop\Data-Structures-Learning-Software\Login_HomePage\Debug\link.6384-cvtres.write.1.tlog
C:\Users\Siddharth\Desktop\Data-Structures-Learning-Software\Login_HomePage\Debug\link.6652.read.1.tlog
C:\Users\Siddharth\Desktop\Data-Structures-Learning-Software\Login_HomePage\Debug\link.6652.write.1.tlog
C:\Users\Siddharth\Desktop\Data-Structures-Learning-Software\Login_HomePage\Debug\link.6652-cvtres.read.1.tlog
C:\Users\Siddharth\Desktop\Data-Structures-Learning-Software\Login_HomePage\Debug\link.6652-cvtres.write.1.tlog
C:\Users\Siddharth\Desktop\Data-Structures-Learning-Software\Login_HomePage\Debug\link.684.read.1.tlog
C:\Users\Siddharth\Desktop\Data-Structures-Learning-Software\Login_HomePage\Debug\link.684.write.1.tlog
C:\Users\Siddharth\Desktop\Data-Structures-Learning-Software\Login_HomePage\Debug\link.684-cvtres.read.1.tlog
C:\Users\Siddharth\Desktop\Data-Structures-Learning-Software\Login_HomePage\Debug\link.684-cvtres.write.1.tlog
C:\Users\Siddharth\Desktop\Data-Structures-Learning-Software\Login_HomePage\Debug\link.6972.read.1.tlog
C:\Users\Siddharth\Desktop\Data-Structures-Learning-Software\Login_HomePage\Debug\link.6972.write.1.tlog
C:\Users\Siddharth\Desktop\Data-Structures-Learning-Software\Login_HomePage\Debug\link.6972-cvtres.read.1.tlog
C:\Users\Siddharth\Desktop\Data-Structures-Learning-Software\Login_HomePage\Debug\link.6972-cvtres.write.1.tlog
C:\Users\Siddharth\Desktop\Data-Structures-Learning-Software\Login_HomePage\Debug\link.7076.read.1.tlog
C:\Users\Siddharth\Desktop\Data-Structures-Learning-Software\Login_HomePage\Debug\link.7076.write.1.tlog
C:\Users\Siddharth\Desktop\Data-Structures-Learning-Software\Login_HomePage\Debug\link.7076-cvtres.read.1.tlog
C:\Users\Siddharth\Desktop\Data-Structures-Learning-Software\Login_HomePage\Debug\link.7076-cvtres.write.1.tlog
C:\Users\Siddharth\Desktop\Data-Structures-Learning-Software\Login_HomePage\Debug\link.7180.read.1.tlog
C:\Users\Siddharth\Desktop\Data-Structures-Learning-Software\Login_HomePage\Debug\link.7180.write.1.tlog
C:\Users\Siddharth\Desktop\Data-Structures-Learning-Software\Login_HomePage\Debug\link.7180-cvtres.read.1.tlog
C:\Users\Siddharth\Desktop\Data-Structures-Learning-Software\Login_HomePage\Debug\link.7180-cvtres.write.1.tlog
C:\Users\Siddharth\Desktop\Data-Structures-Learning-Software\Login_HomePage\Debug\link.7236.read.1.tlog
C:\Users\Siddharth\Desktop\Data-Structures-Learning-Software\Login_HomePage\Debug\link.7236.write.1.tlog
C:\Users\Siddharth\Desktop\Data-Structures-Learning-Software\Login_HomePage\Debug\link.7236-cvtres.read.1.tlog
C:\Users\Siddharth\Desktop\Data-Structures-Learning-Software\Login_HomePage\Debug\link.7236-cvtres.write.1.tlog
C:\Users\Siddharth\Desktop\Data-Structures-Learning-Software\Login_HomePage\Debug\link.7384.read.1.tlog
C:\Users\Siddharth\Desktop\Data-Structures-Learning-Software\Login_HomePage\Debug\link.7384.write.1.tlog
C:\Users\Siddharth\Desktop\Data-Structures-Learning-Software\Login_HomePage\Debug\link.7384-cvtres.read.1.tlog
C:\Users\Siddharth\Desktop\Data-Structures-Learning-Software\Login_HomePage\Debug\link.7384-cvtres.write.1.tlog
C:\Users\Siddharth\Desktop\Data-Structures-Learning-Software\Login_HomePage\Debug\link.7680.read.1.tlog
C:\Users\Siddharth\Desktop\Data-Structures-Learning-Software\Login_HomePage\Debug\link.7680.write.1.tlog
C:\Users\Siddharth\Desktop\Data-Structures-Learning-Software\Login_HomePage\Debug\link.7680-cvtres.read.1.tlog
C:\Users\Siddharth\Desktop\Data-Structures-Learning-Software\Login_HomePage\Debug\link.7680-cvtres.write.1.tlog
C:\Users\Siddharth\Desktop\Data-Structures-Learning-Software\Login_HomePage\Debug\link.7784.read.1.tlog
C:\Users\Siddharth\Desktop\Data-Structures-Learning-Software\Login_HomePage\Debug\link.7784.write.1.tlog
C:\Users\Siddharth\Desktop\Data-Structures-Learning-Software\Login_HomePage\Debug\link.7784-cvtres.read.1.tlog
C:\Users\Siddharth\Desktop\Data-Structures-Learning-Software\Login_HomePage\Debug\link.7784-cvtres.write.1.tlog
C:\Users\Siddharth\Desktop\Data-Structures-Learning-Software\Login_HomePage\Debug\link.7852.read.1.tlog
C:\Users\Siddharth\Desktop\Data-Structures-Learning-Software\Login_HomePage\Debug\link.7852.write.1.tlog
C:\Users\Siddharth\Desktop\Data-Structures-Learning-Software\Login_HomePage\Debug\link.7852-cvtres.read.1.tlog
C:\Users\Siddharth\Desktop\Data-Structures-Learning-Software\Login_HomePage\Debug\link.7852-cvtres.write.1.tlog
C:\Users\Siddharth\Desktop\Data-Structures-Learning-Software\Login_HomePage\Debug\link.7944.read.1.tlog
C:\Users\Siddharth\Desktop\Data-Structures-Learning-Software\Login_HomePage\Debug\link.7944.write.1.tlog
C:\Users\Siddharth\Desktop\Data-Structures-Learning-Software\Login_HomePage\Debug\link.7944-cvtres.read.1.tlog
C:\Users\Siddharth\Desktop\Data-Structures-Learning-Software\Login_HomePage\Debug\link.7944-cvtres.write.1.tlog
C:\Users\Siddharth\Desktop\Data-Structures-Learning-Software\Login_HomePage\Debug\link.8308.read.1.tlog
C:\Users\Siddharth\Desktop\Data-Structures-Learning-Software\Login_HomePage\Debug\link.8308.write.1.tlog
C:\Users\Siddharth\Desktop\Data-Structures-Learning-Software\Login_HomePage\Debug\link.8308-cvtres.read.1.tlog
C:\Users\Siddharth\Desktop\Data-Structures-Learning-Software\Login_HomePage\Debug\link.8308-cvtres.write.1.tlog
C:\Users\Siddharth\Desktop\Data-Structures-Learning-Software\Login_HomePage\Debug\link.8332.read.1.tlog
C:\Users\Siddharth\Desktop\Data-Structures-Learning-Software\Login_HomePage\Debug\link.8332.write.1.tlog
C:\Users\Siddharth\Desktop\Data-Structures-Learning-Software\Login_HomePage\Debug\link.8332-cvtres.read.1.tlog
C:\Users\Siddharth\Desktop\Data-Structures-Learning-Software\Login_HomePage\Debug\link.8332-cvtres.write.1.tlog
C:\Users\Siddharth\Desktop\Data-Structures-Learning-Software\Login_HomePage\Debug\link.84.read.1.tlog
C:\Users\Siddharth\Desktop\Data-Structures-Learning-Software\Login_HomePage\Debug\link.84.write.1.tlog
C:\Users\Siddharth\Desktop\Data-Structures-Learning-Software\Login_HomePage\Debug\link.84-cvtres.read.1.tlog
C:\Users\Siddharth\Desktop\Data-Structures-Learning-Software\Login_HomePage\Debug\link.84-cvtres.write.1.tlog
C:\Users\Siddharth\Desktop\Data-Structures-Learning-Software\Login_HomePage\Debug\link.8524.read.1.tlog
C:\Users\Siddharth\Desktop\Data-Structures-Learning-Software\Login_HomePage\Debug\link.8524.write.1.tlog
C:\Users\Siddharth\Desktop\Data-Structures-Learning-Software\Login_HomePage\Debug\link.8524-cvtres.read.1.tlog
C:\Users\Siddharth\Desktop\Data-Structures-Learning-Software\Login_HomePage\Debug\link.8524-cvtres.write.1.tlog
C:\Users\Siddharth\Desktop\Data-Structures-Learning-Software\Login_HomePage\Debug\link.8536.read.1.tlog
C:\Users\Siddharth\Desktop\Data-Structures-Learning-Software\Login_HomePage\Debug\link.8536.write.1.tlog
C:\Users\Siddharth\Desktop\Data-Structures-Learning-Software\Login_HomePage\Debug\link.8536-cvtres.read.1.tlog
C:\Users\Siddharth\Desktop\Data-Structures-Learning-Software\Login_HomePage\Debug\link.8536-cvtres.write.1.tlog
C:\Users\Siddharth\Desktop\Data-Structures-Learning-Software\Login_HomePage\Debug\link.9180.read.1.tlog
C:\Users\Siddharth\Desktop\Data-Structures-Learning-Software\Login_HomePage\Debug\link.9180.write.1.tlog
C:\Users\Siddharth\Desktop\Data-Structures-Learning-Software\Login_HomePage\Debug\link.9180-cvtres.read.1.tlog
C:\Users\Siddharth\Desktop\Data-Structures-Learning-Software\Login_HomePage\Debug\link.9180-cvtres.write.1.tlog
C:\Users\Siddharth\Desktop\Data-Structures-Learning-Software\Login_HomePage\Debug\link.9224.read.1.tlog
C:\Users\Siddharth\Desktop\Data-Structures-Learning-Software\Login_HomePage\Debug\link.9224.write.1.tlog
C:\Users\Siddharth\Desktop\Data-Structures-Learning-Software\Login_HomePage\Debug\link.9224-cvtres.read.1.tlog
C:\Users\Siddharth\Desktop\Data-Structures-Learning-Software\Login_HomePage\Debug\link.9224-cvtres.write.1.tlog
C:\Users\Siddharth\Desktop\Data-Structures-Learning-Software\Login_HomePage\Debug\link.9232.read.1.tlog
C:\Users\Siddharth\Desktop\Data-Structures-Learning-Software\Login_HomePage\Debug\link.9232.write.1.tlog
C:\Users\Siddharth\Desktop\Data-Structures-Learning-Software\Login_HomePage\Debug\link.9232-cvtres.read.1.tlog
C:\Users\Siddharth\Desktop\Data-Structures-Learning-Software\Login_HomePage\Debug\link.9232-cvtres.write.1.tlog
C:\Users\Siddharth\Desktop\Data-Structures-Learning-Software\Login_HomePage\Debug\link.9276.read.1.tlog
C:\Users\Siddharth\Desktop\Data-Structures-Learning-Software\Login_HomePage\Debug\link.9276.write.1.tlog
C:\Users\Siddharth\Desktop\Data-Structures-Learning-Software\Login_HomePage\Debug\link.9276-cvtres.read.1.tlog
C:\Users\Siddharth\Desktop\Data-Structures-Learning-Software\Login_HomePage\Debug\link.9276-cvtres.write.1.tlog
C:\Users\Siddharth\Desktop\Data-Structures-Learning-Software\Login_HomePage\Debug\link.9476.read.1.tlog
C:\Users\Siddharth\Desktop\Data-Structures-Learning-Software\Login_HomePage\Debug\link.9476.write.1.tlog
C:\Users\Siddharth\Desktop\Data-Structures-Learning-Software\Login_HomePage\Debug\link.9476-cvtres.read.1.tlog
C:\Users\Siddharth\Desktop\Data-Structures-Learning-Software\Login_HomePage\Debug\link.9476-cvtres.write.1.tlog
C:\Users\Siddharth\Desktop\Data-Structures-Learning-Software\Login_HomePage\Debug\link.9608.read.1.tlog
C:\Users\Siddharth\Desktop\Data-Structures-Learning-Software\Login_HomePage\Debug\link.9608.write.1.tlog
C:\Users\Siddharth\Desktop\Data-Structures-Learning-Software\Login_HomePage\Debug\link.9608-cvtres.read.1.tlog
C:\Users\Siddharth\Desktop\Data-Structures-Learning-Software\Login_HomePage\Debug\link.9608-cvtres.write.1.tlog
C:\Users\Siddharth\Desktop\Data-Structures-Learning-Software\Login_HomePage\Debug\link.9696.read.1.tlog
C:\Users\Siddharth\Desktop\Data-Structures-Learning-Software\Login_HomePage\Debug\link.9696.write.1.tlog
C:\Users\Siddharth\Desktop\Data-Structures-Learning-Software\Login_HomePage\Debug\link.9696-cvtres.read.1.tlog
C:\Users\Siddharth\Desktop\Data-Structures-Learning-Software\Login_HomePage\Debug\link.9696-cvtres.write.1.tlog
C:\Users\Siddharth\Desktop\Data-Structures-Learning-Software\Login_HomePage\Debug\link.9912.read.1.tlog
C:\Users\Siddharth\Desktop\Data-Structures-Learning-Software\Login_HomePage\Debug\link.9912.write.1.tlog
C:\Users\Siddharth\Desktop\Data-Structures-Learning-Software\Login_HomePage\Debug\link.9912-cvtres.read.1.tlog
C:\Users\Siddharth\Desktop\Data-Structures-Learning-Software\Login_HomePage\Debug\link.9912-cvtres.write.1.tlog
C:\Users\Siddharth\Desktop\Data-Structures-Learning-Software\Login_HomePage\Debug\link.9932.read.1.tlog
C:\Users\Siddharth\Desktop\Data-Structures-Learning-Software\Login_HomePage\Debug\link.9932.write.1.tlog
C:\Users\Siddharth\Desktop\Data-Structures-Learning-Software\Login_HomePage\Debug\link.9932-cvtres.read.1.tlog
C:\Users\Siddharth\Desktop\Data-Structures-Learning-Software\Login_HomePage\Debug\link.9932-cvtres.write.1.tlog
C:\Users\Siddharth\Desktop\Data-Structures-Learning-Software\Login_HomePage\Debug\link.9936.read.1.tlog
C:\Users\Siddharth\Desktop\Data-Structures-Learning-Software\Login_HomePage\Debug\link.9936.write.1.tlog
C:\Users\Siddharth\Desktop\Data-Structures-Learning-Software\Login_HomePage\Debug\link.9936-cvtres.read.1.tlog
C:\Users\Siddharth\Desktop\Data-Structures-Learning-Software\Login_HomePage\Debug\link.9936-cvtres.write.1.tlog
C:\Users\Siddharth\Desktop\Data-Structures-Learning-Software\Login_HomePage\Debug\link.command.1.tlog
C:\Users\Siddharth\Desktop\Data-Structures-Learning-Software\Login_HomePage\Debug\link.read.1.tlog
C:\Users\Siddharth\Desktop\Data-Structures-Learning-Software\Login_HomePage\Debug\link.write.1.tlog
C:\USERS\SIDDHARTH\DESKTOP\DATA-STRUCTURES-LEARNING-SOFTWARE\LOGIN_HOMEPAGE\DEBUG\LOGIN_HOMEPAGE.EXE.INTERMEDIATE.MANIFEST
C:\Users\Siddharth\Desktop\Data-Structures-Learning-Software\Login_HomePage\Debug\Login_HomePage.Form1.resources
C:\Users\Siddharth\Desktop\Data-Structures-Learning-Software\Login_HomePage\Debug\Login_HomePage.Homepage.resources
C:\Users\Siddharth\Desktop\Data-Structures-Learning-Software\Login_HomePage\Debug\Login_HomePage.Hompage.resources
C:\Users\Siddharth\Desktop\Data-Structures-Learning-Software\Login_HomePage\Debug\Login_HomePage.LoginForm.resources
C:\USERS\SIDDHARTH\DESKTOP\DATA-STRUCTURES-LEARNING-SOFTWARE\LOGIN_HOMEPAGE\DEBUG\LOGIN_HOMEPAGE.OBJ
C:\USERS\SIDDHARTH\DESKTOP\DATA-STRUCTURES-LEARNING-SOFTWARE\LOGIN_HOMEPAGE\DEBUG\LOGIN_HOMEPAGE.PCH
C:\Users\Siddharth\Desktop\Data-Structures-Learning-Software\Login_HomePage\Debug\Login_HomePage.vcxproj.GenerateResource.Cache
C:\Users\Siddharth\Desktop\Data-Structures-Learning-Software\Login_HomePage\Debug\Login_HomePage.vcxprojResolveAssemblyReference.cache
C:\Users\Siddharth\Desktop\Data-Structures-Learning-Software\Login_HomePage\Debug\Login_HomePage.write.1.tlog
C:\USERS\SIDDHARTH\DESKTOP\DATA-STRUCTURES-LEARNING-SOFTWARE\LOGIN_HOMEPAGE\DEBUG\LOGINFORM.OBJ
C:\Users\Siddharth\Desktop\Data-Structures-Learning-Software\Login_HomePage\Debug\mt.command.1.tlog
C:\Users\Siddharth\Desktop\Data-Structures-Learning-Software\Login_HomePage\Debug\mt.read.1.tlog
C:\Users\Siddharth\Desktop\Data-Structures-Learning-Software\Login_HomePage\Debug\mt.write.1.tlog
C:\Users\Siddharth\Desktop\Data-Structures-Learning-Software\Login_HomePage\Debug\rc.command.1.tlog
C:\Users\Siddharth\Desktop\Data-Structures-Learning-Software\Login_HomePage\Debug\rc.read.1.tlog
C:\Users\Siddharth\Desktop\Data-Structures-Learning-Software\Login_HomePage\Debug\rc.write.1.tlog
C:\USERS\SIDDHARTH\DESKTOP\DATA-STRUCTURES-LEARNING-SOFTWARE\LOGIN_HOMEPAGE\DEBUG\STDAFX.OBJ
C:\USERS\SIDDHARTH\DESKTOP\DATA-STRUCTURES-LEARNING-SOFTWARE\LOGIN_HOMEPAGE\DEBUG\VC100.PDB
C:\USERS\SIDDHARTH\DESKTOP\LOGIN_HOMEPAGE\DEBUG\LOGIN_HOMEPAGE.EXE
C:\USERS\SIDDHARTH\DESKTOP\LOGIN_HOMEPAGE\DEBUG\LOGIN_HOMEPAGE.ILK
C:\USERS\SIDDHARTH\DESKTOP\LOGIN_HOMEPAGE\DEBUG\LOGIN_HOMEPAGE.PDB
C:\USERS\SIDDHARTH\DESKTOP\LOGIN_HOMEPAGE\LOGIN_HOMEPAGE\DEBUG\APP.RES
C:\USERS\SIDDHARTH\DESKTOP\LOGIN_HOMEPAGE\LOGIN_HOMEPAGE\DEBUG\ASSEMBLYINFO.OBJ
C:\USERS\SIDDHARTH\DESKTOP\LOGIN_HOMEPAGE\LOGIN_HOMEPAGE\DEBUG\LOGIN_HOMEPAGE.EXE.INTERMEDIATE.MANIFEST
C:\USERS\SIDDHARTH\DESKTOP\LOGIN_HOMEPAGE\LOGIN_HOMEPAGE\DEBUG\LOGIN_HOMEPAGE.OBJ
C:\USERS\SIDDHARTH\DESKTOP\LOGIN_HOMEPAGE\LOGIN_HOMEPAGE\DEBUG\LOGIN_HOMEPAGE.PCH
C:\USERS\SIDDHARTH\DESKTOP\LOGIN_HOMEPAGE\LOGIN_HOMEPAGE\DEBUG\LOGINFORM.OBJ
C:\USERS\SIDDHARTH\DESKTOP\LOGIN_HOMEPAGE\LOGIN_HOMEPAGE\DEBUG\STDAFX.OBJ
C:\USERS\SIDDHARTH\DESKTOP\LOGIN_HOMEPAGE\LOGIN_HOMEPAGE\DEBUG\VC100.PDB
