Build started 16-Mar-19 2:59:51 PM.
     1>Project "C:\Users\Siddharth\Desktop\Login_HomePage\Login_HomePage\Login_HomePage.vcxproj" on node 2 (build target(s)).
     1>InitializeBuildStatus:
         Creating "Debug\Login_HomePage.unsuccessfulbuild" because "AlwaysCreate" was specified.
       GenerateTargetFrameworkMonikerAttribute:
       Skipping target "GenerateTargetFrameworkMonikerAttribute" because all output files are up-to-date with respect to the input files.
       ClCompile:
         All outputs are up-to-date.
         C:\Program Files (x86)\Microsoft Visual Studio 10.0\VC\bin\CL.exe /c /AI"C:\Program Files (x86)\Reference Assemblies\Microsoft\Framework\.NETFramework\v4.0" /Zi /clr:pure /nologo /W3 /WX- /Od /Oy- /D WIN32 /D _DEBUG /D _UNICODE /D UNICODE /EHa /MDd /GS /fp:precise /Zc:wchar_t /Zc:forScope /Yu"StdAfx.h" /Fp"Debug\Login_HomePage.pch" /Fo"Debug\\" /Fd"Debug\vc100.pdb" /TP /FU"C:\Program Files (x86)\Reference Assemblies\Microsoft\Framework\.NETFramework\v4.0\System.Core.dll" /FU"C:\Program Files (x86)\Reference Assemblies\Microsoft\Framework\.NETFramework\v4.0\System.Data.dll" /FU"C:\Program Files (x86)\Reference Assemblies\Microsoft\Framework\.NETFramework\v4.0\System.dll" /FU"C:\Program Files (x86)\Reference Assemblies\Microsoft\Framework\.NETFramework\v4.0\System.Drawing.dll" /FU"C:\Program Files (x86)\Reference Assemblies\Microsoft\Framework\.NETFramework\v4.0\System.Windows.Forms.dll" /FU"C:\Program Files (x86)\Reference Assemblies\Microsoft\Framework\.NETFramework\v4.0\System.Xml.dll" /analyze- /errorReport:prompt LoginForm.cpp Login_HomePage.cpp /clr:nostdlib 
         LoginForm.cpp
     1>c:\users\siddharth\desktop\login_homepage\login_homepage\LoginForm.h(2373): warning C4101: 'question' : unreferenced local variable
     1>c:\users\siddharth\desktop\login_homepage\login_homepage\LoginForm.h(2374): warning C4101: 'answer' : unreferenced local variable
         Login_HomePage.cpp
     1>c:\users\siddharth\desktop\login_homepage\login_homepage\LoginForm.h(2373): warning C4101: 'question' : unreferenced local variable
     1>c:\users\siddharth\desktop\login_homepage\login_homepage\LoginForm.h(2374): warning C4101: 'answer' : unreferenced local variable
         Generating Code...
         All outputs are up-to-date.
       CoreResGen:
         No resources are out of date with respect to their source files. Skipping resource generation.
       ResourceCompile:
         All outputs are up-to-date.
       Link:
         C:\Program Files (x86)\Microsoft Visual Studio 10.0\VC\bin\link.exe /ERRORREPORT:PROMPT /OUT:"C:\Users\Siddharth\Desktop\Login_HomePage\Debug\Login_HomePage.exe" /INCREMENTAL /NOLOGO /ASSEMBLYRESOURCE:Debug\Login_HomePage.Form1.resources /ASSEMBLYRESOURCE:Debug\Login_HomePage.LoginForm.resources /MANIFEST /ManifestFile:"Debug\Login_HomePage.exe.intermediate.manifest" /MANIFESTUAC:"level='asInvoker' uiAccess='false'" /DEBUG /PDB:"C:\Users\Siddharth\Desktop\Login_HomePage\Debug\Login_HomePage.pdb" /ASSEMBLYDEBUG /SUBSYSTEM:WINDOWS /TLBID:1 /ENTRY:"main" /DYNAMICBASE /FIXED:NO /NXCOMPAT /MACHINE:X86 Debug\app.res
         Debug\AssemblyInfo.obj
         Debug\LoginForm.obj
         Debug\Login_HomePage.obj
         Debug\stdafx.obj
         "Debug\.NETFramework,Version=v4.0.AssemblyAttributes.obj"
         Login_HomePage.vcxproj -> C:\Users\Siddharth\Desktop\Login_HomePage\Debug\Login_HomePage.exe
       Manifest:
         C:\Program Files (x86)\Microsoft SDKs\Windows\v7.0A\bin\mt.exe /nologo /verbose /outputresource:"C:\Users\Siddharth\Desktop\Login_HomePage\Debug\Login_HomePage.exe;#1" /manifest Debug\Login_HomePage.exe.intermediate.manifest
       FinalizeBuildStatus:
         Deleting file "Debug\Login_HomePage.unsuccessfulbuild".
         Touching "Debug\Login_HomePage.lastbuildstate".
     1>Done Building Project "C:\Users\Siddharth\Desktop\Login_HomePage\Login_HomePage\Login_HomePage.vcxproj" (build target(s)).

Build succeeded.

Time Elapsed 00:00:02.19
