Build started 31-Mar-19 1:46:48 AM.
     1>Project "D:\projects\sorting new 2\sorting_user_control\sorting_user_control\sorting_user_control.vcxproj" on node 2 (build target(s)).
     1>InitializeBuildStatus:
         Creating "Debug\sorting_user_control.unsuccessfulbuild" because "AlwaysCreate" was specified.
       GenerateTargetFrameworkMonikerAttribute:
       Skipping target "GenerateTargetFrameworkMonikerAttribute" because all output files are up-to-date with respect to the input files.
       ClCompile:
         All outputs are up-to-date.
         All outputs are up-to-date.
         All outputs are up-to-date.
       CoreResGen:
         No resources are out of date with respect to their source files. Skipping resource generation.
       ResourceCompile:
         All outputs are up-to-date.
       Link:
         All outputs are up-to-date.
         sorting_user_control.vcxproj -> D:\projects\sorting new 2\sorting_user_control\Debug\sorting_user_control.exe
       FinalizeBuildStatus:
         Deleting file "Debug\sorting_user_control.unsuccessfulbuild".
         Touching "Debug\sorting_user_control.lastbuildstate".
     1>Done Building Project "D:\projects\sorting new 2\sorting_user_control\sorting_user_control\sorting_user_control.vcxproj" (build target(s)).

Build succeeded.

Time Elapsed 00:00:00.08
