Build started 16-Mar-19 8:11:22 PM.
     1>Project "D:\projects\Data Structures Learning Software\Sorting Part\Data Structures Learning Software\Data Structures Learning Software\Data Structures Learning Software.vcxproj" on node 2 (build target(s)).
     1>InitializeBuildStatus:
         Touching "Debug\Data Structures Learning Software.unsuccessfulbuild".
       GenerateTargetFrameworkMonikerAttribute:
       Skipping target "GenerateTargetFrameworkMonikerAttribute" because all output files are up-to-date with respect to the input files.
       ClCompile:
         All outputs are up-to-date.
         C:\Program Files (x86)\Microsoft Visual Studio 10.0\VC\bin\CL.exe /c /AI"C:\Program Files (x86)\Reference Assemblies\Microsoft\Framework\.NETFramework\v4.0" /Zi /clr:pure /nologo /W3 /WX- /Od /Oy- /D WIN32 /D _DEBUG /D _UNICODE /D UNICODE /EHa /MDd /GS /fp:precise /Zc:wchar_t /Zc:forScope /Yu"StdAfx.h" /Fp"Debug\Data Structures Learning Software.pch" /Fo"Debug\\" /Fd"Debug\vc100.pdb" /TP /FU"C:\Program Files (x86)\Reference Assemblies\Microsoft\Framework\.NETFramework\v4.0\System.Core.dll" /FU"C:\Program Files (x86)\Reference Assemblies\Microsoft\Framework\.NETFramework\v4.0\System.Data.dll" /FU"C:\Program Files (x86)\Reference Assemblies\Microsoft\Framework\.NETFramework\v4.0\System.dll" /FU"C:\Program Files (x86)\Reference Assemblies\Microsoft\Framework\.NETFramework\v4.0\System.Drawing.dll" /FU"C:\Program Files (x86)\Reference Assemblies\Microsoft\Framework\.NETFramework\v4.0\System.Windows.Forms.dll" /FU"C:\Program Files (x86)\Reference Assemblies\Microsoft\Framework\.NETFramework\v4.0\System.Xml.dll" /analyze- /errorReport:prompt "Data Structures Learning Software.cpp" /clr:nostdlib 
         Data Structures Learning Software.cpp
         All outputs are up-to-date.
       CoreResGen:
         "C:\Program Files (x86)\Microsoft SDKs\Windows\v7.0A\bin\NETFX 4.0 Tools\resgen.exe" /useSourcePath /r:"C:\Program Files (x86)\Reference Assemblies\Microsoft\Framework\.NETFramework\v4.0\System.Core.dll" /r:"C:\Program Files (x86)\Reference Assemblies\Microsoft\Framework\.NETFramework\v4.0\System.Data.dll" /r:"C:\Program Files (x86)\Reference Assemblies\Microsoft\Framework\.NETFramework\v4.0\System.dll" /r:"C:\Program Files (x86)\Reference Assemblies\Microsoft\Framework\.NETFramework\v4.0\System.Drawing.dll" /r:"C:\Program Files (x86)\Reference Assemblies\Microsoft\Framework\.NETFramework\v4.0\System.Windows.Forms.dll" /r:"C:\Program Files (x86)\Reference Assemblies\Microsoft\Framework\.NETFramework\v4.0\System.Xml.dll" /compile Form1.resX,Debug\DataStructuresLearningSoftware.Form1.resources
         Processing resource file "Form1.resX" into "Debug\DataStructuresLearningSoftware.Form1.resources".
       ResourceCompile:
         All outputs are up-to-date.
       Link:
         C:\Program Files (x86)\Microsoft Visual Studio 10.0\VC\bin\link.exe /ERRORREPORT:PROMPT /OUT:"D:\projects\Data Structures Learning Software\Sorting Part\Data Structures Learning Software\Debug\Data Structures Learning Software.exe" /INCREMENTAL /NOLOGO /ASSEMBLYRESOURCE:Debug\DataStructuresLearningSoftware.Form1.resources /MANIFEST /ManifestFile:"Debug\Data Structures Learning Software.exe.intermediate.manifest" /MANIFESTUAC:"level='asInvoker' uiAccess='false'" /DEBUG /PDB:"D:\projects\Data Structures Learning Software\Sorting Part\Data Structures Learning Software\Debug\Data Structures Learning Software.pdb" /ASSEMBLYDEBUG /SUBSYSTEM:WINDOWS /TLBID:1 /ENTRY:"main" /DYNAMICBASE /FIXED:NO /NXCOMPAT /MACHINE:X86 Debug\app.res
         Debug\AssemblyInfo.obj
         "Debug\Data Structures Learning Software.obj"
         Debug\stdafx.obj
         "Debug\.NETFramework,Version=v4.0.AssemblyAttributes.obj"
         Data Structures Learning Software.vcxproj -> D:\projects\Data Structures Learning Software\Sorting Part\Data Structures Learning Software\Debug\Data Structures Learning Software.exe
       Manifest:
         C:\Program Files (x86)\Microsoft SDKs\Windows\v7.0A\bin\mt.exe /nologo /verbose /outputresource:"D:\projects\Data Structures Learning Software\Sorting Part\Data Structures Learning Software\Debug\Data Structures Learning Software.exe;#1" /manifest "Debug\Data Structures Learning Software.exe.intermediate.manifest"
       FinalizeBuildStatus:
         Deleting file "Debug\Data Structures Learning Software.unsuccessfulbuild".
         Touching "Debug\Data Structures Learning Software.lastbuildstate".
     1>Done Building Project "D:\projects\Data Structures Learning Software\Sorting Part\Data Structures Learning Software\Data Structures Learning Software\Data Structures Learning Software.vcxproj" (build target(s)).

Build succeeded.

Time Elapsed 00:00:01.39
